# JRE version: Java(TM) SE Runtime Environment (8.0_111-b14) (build 1.8.0_111-b14)
# Java VM: Java HotSpot(TM) 64-Bit Server VM (25.111-b14 mixed mode windows-amd64 compressed oops)
Heap:
 PSYoungGen      total 114688K, used 88555K [0x00000000d6000000, 0x00000000def00000, 0x0000000100000000)
  eden space 103424K, 74% used [0x00000000d6000000,0x00000000dab7aef8,0x00000000dc500000)
  from space 11264K, 99% used [0x00000000dc500000,0x00000000dcfffd70,0x00000000dd000000)
  to   space 12800K, 0% used [0x00000000de280000,0x00000000de280000,0x00000000def00000)
 ParOldGen       total 94208K, used 32984K [0x0000000082000000, 0x0000000087c00000, 0x00000000d6000000)
  object space 94208K, 35% used [0x0000000082000000,0x0000000084036148,0x0000000087c00000)
 Metaspace       used 30892K, capacity 31966K, committed 32256K, reserved 1077248K
  class space    used 4080K, capacity 4330K, committed 4352K, reserved 1048576K
GC Heap History (10 events):
Event: 3.958 GC heap before
{Heap before GC invocations=6 (full 1):
 PSYoungGen      total 70656K, used 65536K [0x00000000d6000000, 0x00000000daa00000, 0x0000000100000000)
  eden space 65536K, 100% used [0x00000000d6000000,0x00000000da000000,0x00000000da000000)
  from space 5120K, 0% used [0x00000000da500000,0x00000000da500000,0x00000000daa00000)
  to   space 5120K, 0% used [0x00000000da000000,0x00000000da000000,0x00000000da500000)
 ParOldGen       total 94208K, used 30736K [0x0000000082000000, 0x0000000087c00000, 0x00000000d6000000)
  object space 94208K, 32% used [0x0000000082000000,0x0000000083e04138,0x0000000087c00000)
 Metaspace       used 23413K, capacity 24454K, committed 24576K, reserved 1071104K
  class space    used 3233K, capacity 3478K, committed 3584K, reserved 1048576K
Event: 3.963 GC heap after
Heap after GC invocations=6 (full 1):
 PSYoungGen      total 70656K, used 4646K [0x00000000d6000000, 0x00000000dc500000, 0x0000000100000000)
  eden space 65536K, 0% used [0x00000000d6000000,0x00000000d6000000,0x00000000da000000)
  from space 5120K, 90% used [0x00000000da000000,0x00000000da489bc0,0x00000000da500000)
  to   space 10240K, 0% used [0x00000000dbb00000,0x00000000dbb00000,0x00000000dc500000)
 ParOldGen       total 94208K, used 32792K [0x0000000082000000, 0x0000000087c00000, 0x00000000d6000000)
  object space 94208K, 34% used [0x0000000082000000,0x0000000084006148,0x0000000087c00000)
 Metaspace       used 23413K, capacity 24454K, committed 24576K, reserved 1071104K
  class space    used 3233K, capacity 3478K, committed 3584K, reserved 1048576K
}
Event: 4.310 GC heap before
{Heap before GC invocations=7 (full 1):
 PSYoungGen      total 70656K, used 70182K [0x00000000d6000000, 0x00000000dc500000, 0x0000000100000000)
  eden space 65536K, 100% used [0x00000000d6000000,0x00000000da000000,0x00000000da000000)
  from space 5120K, 90% used [0x00000000da000000,0x00000000da489bc0,0x00000000da500000)
  to   space 10240K, 0% used [0x00000000dbb00000,0x00000000dbb00000,0x00000000dc500000)
 ParOldGen       total 94208K, used 32792K [0x0000000082000000, 0x0000000087c00000, 0x00000000d6000000)
  object space 94208K, 34% used [0x0000000082000000,0x0000000084006148,0x0000000087c00000)
 Metaspace       used 23968K, capacity 24972K, committed 25088K, reserved 1071104K
  class space    used 3325K, capacity 3543K, committed 3584K, reserved 1048576K
Event: 4.314 GC heap after
Heap after GC invocations=7 (full 1):
 PSYoungGen      total 93184K, used 7006K [0x00000000d6000000, 0x00000000dc600000, 0x0000000100000000)
  eden space 82944K, 0% used [0x00000000d6000000,0x00000000d6000000,0x00000000db100000)
  from space 10240K, 68% used [0x00000000dbb00000,0x00000000dc1d7a20,0x00000000dc500000)
  to   space 10240K, 0% used [0x00000000db100000,0x00000000db100000,0x00000000dbb00000)
 ParOldGen       total 94208K, used 32792K [0x0000000082000000, 0x0000000087c00000, 0x00000000d6000000)
  object space 94208K, 34% used [0x0000000082000000,0x0000000084006148,0x0000000087c00000)
 Metaspace       used 23968K, capacity 24972K, committed 25088K, reserved 1071104K
  class space    used 3325K, capacity 3543K, committed 3584K, reserved 1048576K
}
Event: 4.907 GC heap before
{Heap before GC invocations=8 (full 1):
 PSYoungGen      total 93184K, used 89950K [0x00000000d6000000, 0x00000000dc600000, 0x0000000100000000)
  eden space 82944K, 100% used [0x00000000d6000000,0x00000000db100000,0x00000000db100000)
  from space 10240K, 68% used [0x00000000dbb00000,0x00000000dc1d7a20,0x00000000dc500000)
  to   space 10240K, 0% used [0x00000000db100000,0x00000000db100000,0x00000000dbb00000)
 ParOldGen       total 94208K, used 32792K [0x0000000082000000, 0x0000000087c00000, 0x00000000d6000000)
  object space 94208K, 34% used [0x0000000082000000,0x0000000084006148,0x0000000087c00000)
 Metaspace       used 24256K, capacity 25292K, committed 25472K, reserved 1071104K
  class space    used 3361K, capacity 3607K, committed 3712K, reserved 1048576K
Event: 4.911 GC heap after
Heap after GC invocations=8 (full 1):
 PSYoungGen      total 93184K, used 6720K [0x00000000d6000000, 0x00000000ddb00000, 0x0000000100000000)
  eden space 82944K, 0% used [0x00000000d6000000,0x00000000d6000000,0x00000000db100000)
  from space 10240K, 65% used [0x00000000db100000,0x00000000db790030,0x00000000dbb00000)
  to   space 10240K, 0% used [0x00000000dd100000,0x00000000dd100000,0x00000000ddb00000)
 ParOldGen       total 94208K, used 32792K [0x0000000082000000, 0x0000000087c00000, 0x00000000d6000000)
  object space 94208K, 34% used [0x0000000082000000,0x0000000084006148,0x0000000087c00000)
 Metaspace       used 24256K, capacity 25292K, committed 25472K, reserved 1071104K
  class space    used 3361K, capacity 3607K, committed 3712K, reserved 1048576K
}
Event: 6.197 GC heap before
{Heap before GC invocations=9 (full 1):
 PSYoungGen      total 93184K, used 89664K [0x00000000d6000000, 0x00000000ddb00000, 0x0000000100000000)
  eden space 82944K, 100% used [0x00000000d6000000,0x00000000db100000,0x00000000db100000)
  from space 10240K, 65% used [0x00000000db100000,0x00000000db790030,0x00000000dbb00000)
  to   space 10240K, 0% used [0x00000000dd100000,0x00000000dd100000,0x00000000ddb00000)
 ParOldGen       total 94208K, used 32792K [0x0000000082000000, 0x0000000087c00000, 0x00000000d6000000)
  object space 94208K, 34% used [0x0000000082000000,0x0000000084006148,0x0000000087c00000)
 Metaspace       used 27277K, capacity 28396K, committed 28544K, reserved 1073152K
  class space    used 3650K, capacity 3911K, committed 3968K, reserved 1048576K
Event: 6.203 GC heap after
Heap after GC invocations=9 (full 1):
 PSYoungGen      total 113664K, used 8727K [0x00000000d6000000, 0x00000000ddb00000, 0x0000000100000000)
  eden space 103424K, 0% used [0x00000000d6000000,0x00000000d6000000,0x00000000dc500000)
  from space 10240K, 85% used [0x00000000dd100000,0x00000000dd985e20,0x00000000ddb00000)
  to   space 11264K, 0% used [0x00000000dc500000,0x00000000dc500000,0x00000000dd000000)
 ParOldGen       total 94208K, used 32800K [0x0000000082000000, 0x0000000087c00000, 0x00000000d6000000)
  object space 94208K, 34% used [0x0000000082000000,0x0000000084008148,0x0000000087c00000)
 Metaspace       used 27277K, capacity 28396K, committed 28544K, reserved 1073152K
  class space    used 3650K, capacity 3911K, committed 3968K, reserved 1048576K
}
Event: 6.743 GC heap before
{Heap before GC invocations=10 (full 1):
 PSYoungGen      total 113664K, used 111857K [0x00000000d6000000, 0x00000000ddb00000, 0x0000000100000000)
  eden space 103424K, 99% used [0x00000000d6000000,0x00000000dc4b6968,0x00000000dc500000)
  from space 10240K, 85% used [0x00000000dd100000,0x00000000dd985e20,0x00000000ddb00000)
  to   space 11264K, 0% used [0x00000000dc500000,0x00000000dc500000,0x00000000dd000000)
 ParOldGen       total 94208K, used 32800K [0x0000000082000000, 0x0000000087c00000, 0x00000000d6000000)
  object space 94208K, 34% used [0x0000000082000000,0x0000000084008148,0x0000000087c00000)
 Metaspace       used 27810K, capacity 28876K, committed 29056K, reserved 1075200K
  class space    used 3705K, capacity 3943K, committed 3968K, reserved 1048576K
Event: 6.751 GC heap after
Heap after GC invocations=10 (full 1):
 PSYoungGen      total 114688K, used 11263K [0x00000000d6000000, 0x00000000def00000, 0x0000000100000000)
  eden space 103424K, 0% used [0x00000000d6000000,0x00000000d6000000,0x00000000dc500000)
  from space 11264K, 99% used [0x00000000dc500000,0x00000000dcfffd70,0x00000000dd000000)
  to   space 12800K, 0% used [0x00000000de280000,0x00000000de280000,0x00000000def00000)
 ParOldGen       total 94208K, used 32984K [0x0000000082000000, 0x0000000087c00000, 0x00000000d6000000)
  object space 94208K, 35% used [0x0000000082000000,0x0000000084036148,0x0000000087c00000)
 Metaspace       used 27810K, capacity 28876K, committed 29056K, reserved 1075200K
  class space    used 3705K, capacity 3943K, committed 3968K, reserved 1048576K
}

