# JRE version: Java(TM) SE Runtime Environment (8.0_111-b14) (build 1.8.0_111-b14)
# Java VM: Java HotSpot(TM) 64-Bit Server VM (25.111-b14 mixed mode windows-amd64 compressed oops)
Heap:
 PSYoungGen      total 92672K, used 84752K [0x00000000d6000000, 0x00000000dc500000, 0x0000000100000000)
  eden space 82944K, 92% used [0x00000000d6000000,0x00000000daab8dc0,0x00000000db100000)
  from space 9728K, 84% used [0x00000000dbb00000,0x00000000dc30b2c0,0x00000000dc480000)
  to   space 10240K, 0% used [0x00000000db100000,0x00000000db100000,0x00000000dbb00000)
 ParOldGen       total 94720K, used 30804K [0x0000000082000000, 0x0000000087c80000, 0x00000000d6000000)
  object space 94720K, 32% used [0x0000000082000000,0x0000000083e15158,0x0000000087c80000)
 Metaspace       used 30999K, capacity 32074K, committed 32256K, reserved 1077248K
  class space    used 4088K, capacity 4340K, committed 4352K, reserved 1048576K
GC Heap History (10 events):
Event: 5.156 GC heap before
{Heap before GC invocations=11 (full 1):
 PSYoungGen      total 62976K, used 58866K [0x00000000d6000000, 0x00000000daf80000, 0x0000000100000000)
  eden space 54272K, 100% used [0x00000000d6000000,0x00000000d9500000,0x00000000d9500000)
  from space 8704K, 52% used [0x00000000d9500000,0x00000000d997caa0,0x00000000d9d80000)
  to   space 8704K, 0% used [0x00000000da700000,0x00000000da700000,0x00000000daf80000)
 ParOldGen       total 94720K, used 30772K [0x0000000082000000, 0x0000000087c80000, 0x00000000d6000000)
  object space 94720K, 32% used [0x0000000082000000,0x0000000083e0d158,0x0000000087c80000)
 Metaspace       used 25330K, capacity 26348K, committed 26496K, reserved 1073152K
  class space    used 3457K, capacity 3681K, committed 3712K, reserved 1048576K
Event: 5.160 GC heap after
Heap after GC invocations=11 (full 1):
 PSYoungGen      total 70656K, used 5401K [0x00000000d6000000, 0x00000000dae00000, 0x0000000100000000)
  eden space 63488K, 0% used [0x00000000d6000000,0x00000000d6000000,0x00000000d9e00000)
  from space 7168K, 75% used [0x00000000da700000,0x00000000dac465f8,0x00000000dae00000)
  to   space 8192K, 0% used [0x00000000d9e00000,0x00000000d9e00000,0x00000000da600000)
 ParOldGen       total 94720K, used 30772K [0x0000000082000000, 0x0000000087c80000, 0x00000000d6000000)
  object space 94720K, 32% used [0x0000000082000000,0x0000000083e0d158,0x0000000087c80000)
 Metaspace       used 25330K, capacity 26348K, committed 26496K, reserved 1073152K
  class space    used 3457K, capacity 3681K, committed 3712K, reserved 1048576K
}
Event: 6.299 GC heap before
{Heap before GC invocations=12 (full 1):
 PSYoungGen      total 70656K, used 68889K [0x00000000d6000000, 0x00000000dae00000, 0x0000000100000000)
  eden space 63488K, 100% used [0x00000000d6000000,0x00000000d9e00000,0x00000000d9e00000)
  from space 7168K, 75% used [0x00000000da700000,0x00000000dac465f8,0x00000000dae00000)
  to   space 8192K, 0% used [0x00000000d9e00000,0x00000000d9e00000,0x00000000da600000)
 ParOldGen       total 94720K, used 30772K [0x0000000082000000, 0x0000000087c80000, 0x00000000d6000000)
  object space 94720K, 32% used [0x0000000082000000,0x0000000083e0d158,0x0000000087c80000)
 Metaspace       used 27289K, capacity 28364K, committed 28544K, reserved 1073152K
  class space    used 3659K, capacity 3921K, committed 3968K, reserved 1048576K
Event: 6.303 GC heap after
Heap after GC invocations=12 (full 1):
 PSYoungGen      total 71680K, used 6334K [0x00000000d6000000, 0x00000000db780000, 0x0000000100000000)
  eden space 63488K, 0% used [0x00000000d6000000,0x00000000d6000000,0x00000000d9e00000)
  from space 8192K, 77% used [0x00000000d9e00000,0x00000000da42f958,0x00000000da600000)
  to   space 8192K, 0% used [0x00000000daf80000,0x00000000daf80000,0x00000000db780000)
 ParOldGen       total 94720K, used 30780K [0x0000000082000000, 0x0000000087c80000, 0x00000000d6000000)
  object space 94720K, 32% used [0x0000000082000000,0x0000000083e0f158,0x0000000087c80000)
 Metaspace       used 27289K, capacity 28364K, committed 28544K, reserved 1073152K
  class space    used 3659K, capacity 3921K, committed 3968K, reserved 1048576K
}
Event: 6.616 GC heap before
{Heap before GC invocations=13 (full 1):
 PSYoungGen      total 71680K, used 69822K [0x00000000d6000000, 0x00000000db780000, 0x0000000100000000)
  eden space 63488K, 100% used [0x00000000d6000000,0x00000000d9e00000,0x00000000d9e00000)
  from space 8192K, 77% used [0x00000000d9e00000,0x00000000da42f958,0x00000000da600000)
  to   space 8192K, 0% used [0x00000000daf80000,0x00000000daf80000,0x00000000db780000)
 ParOldGen       total 94720K, used 30780K [0x0000000082000000, 0x0000000087c80000, 0x00000000d6000000)
  object space 94720K, 32% used [0x0000000082000000,0x0000000083e0f158,0x0000000087c80000)
 Metaspace       used 27665K, capacity 28780K, committed 29056K, reserved 1075200K
  class space    used 3695K, capacity 3953K, committed 3968K, reserved 1048576K
Event: 6.620 GC heap after
Heap after GC invocations=13 (full 1):
 PSYoungGen      total 80896K, used 6991K [0x00000000d6000000, 0x00000000db980000, 0x0000000100000000)
  eden space 72704K, 0% used [0x00000000d6000000,0x00000000d6000000,0x00000000da700000)
  from space 8192K, 85% used [0x00000000daf80000,0x00000000db653d30,0x00000000db780000)
  to   space 8704K, 0% used [0x00000000da700000,0x00000000da700000,0x00000000daf80000)
 ParOldGen       total 94720K, used 30788K [0x0000000082000000, 0x0000000087c80000, 0x00000000d6000000)
  object space 94720K, 32% used [0x0000000082000000,0x0000000083e11158,0x0000000087c80000)
 Metaspace       used 27665K, capacity 28780K, committed 29056K, reserved 1075200K
  class space    used 3695K, capacity 3953K, committed 3968K, reserved 1048576K
}
Event: 7.451 GC heap before
{Heap before GC invocations=14 (full 1):
 PSYoungGen      total 80896K, used 79031K [0x00000000d6000000, 0x00000000db980000, 0x0000000100000000)
  eden space 72704K, 99% used [0x00000000d6000000,0x00000000da65a058,0x00000000da700000)
  from space 8192K, 85% used [0x00000000daf80000,0x00000000db653d30,0x00000000db780000)
  to   space 8704K, 0% used [0x00000000da700000,0x00000000da700000,0x00000000daf80000)
 ParOldGen       total 94720K, used 30788K [0x0000000082000000, 0x0000000087c80000, 0x00000000d6000000)
  object space 94720K, 32% used [0x0000000082000000,0x0000000083e11158,0x0000000087c80000)
 Metaspace       used 27943K, capacity 29038K, committed 29312K, reserved 1075200K
  class space    used 3711K, capacity 3954K, committed 3968K, reserved 1048576K
Event: 7.455 GC heap after
Heap after GC invocations=14 (full 1):
 PSYoungGen      total 81408K, used 8207K [0x00000000d6000000, 0x00000000dc480000, 0x0000000100000000)
  eden space 72704K, 0% used [0x00000000d6000000,0x00000000d6000000,0x00000000da700000)
  from space 8704K, 94% used [0x00000000da700000,0x00000000daf03d50,0x00000000daf80000)
  to   space 9728K, 0% used [0x00000000dbb00000,0x00000000dbb00000,0x00000000dc480000)
 ParOldGen       total 94720K, used 30796K [0x0000000082000000, 0x0000000087c80000, 0x00000000d6000000)
  object space 94720K, 32% used [0x0000000082000000,0x0000000083e13158,0x0000000087c80000)
 Metaspace       used 27943K, capacity 29038K, committed 29312K, reserved 1075200K
  class space    used 3711K, capacity 3954K, committed 3968K, reserved 1048576K
}
Event: 8.415 GC heap before
{Heap before GC invocations=15 (full 1):
 PSYoungGen      total 81408K, used 80324K [0x00000000d6000000, 0x00000000dc480000, 0x0000000100000000)
  eden space 72704K, 99% used [0x00000000d6000000,0x00000000da66d4f8,0x00000000da700000)
  from space 8704K, 94% used [0x00000000da700000,0x00000000daf03d50,0x00000000daf80000)
  to   space 9728K, 0% used [0x00000000dbb00000,0x00000000dbb00000,0x00000000dc480000)
 ParOldGen       total 94720K, used 30796K [0x0000000082000000, 0x0000000087c80000, 0x00000000d6000000)
  object space 94720K, 32% used [0x0000000082000000,0x0000000083e13158,0x0000000087c80000)
 Metaspace       used 28062K, capacity 29178K, committed 29312K, reserved 1075200K
  class space    used 3711K, capacity 3954K, committed 3968K, reserved 1048576K
Event: 8.421 GC heap after
Heap after GC invocations=15 (full 1):
 PSYoungGen      total 92672K, used 8236K [0x00000000d6000000, 0x00000000dc500000, 0x0000000100000000)
  eden space 82944K, 0% used [0x00000000d6000000,0x00000000d6000000,0x00000000db100000)
  from space 9728K, 84% used [0x00000000dbb00000,0x00000000dc30b2c0,0x00000000dc480000)
  to   space 10240K, 0% used [0x00000000db100000,0x00000000db100000,0x00000000dbb00000)
 ParOldGen       total 94720K, used 30804K [0x0000000082000000, 0x0000000087c80000, 0x00000000d6000000)
  object space 94720K, 32% used [0x0000000082000000,0x0000000083e15158,0x0000000087c80000)
 Metaspace       used 28062K, capacity 29178K, committed 29312K, reserved 1075200K
  class space    used 3711K, capacity 3954K, committed 3968K, reserved 1048576K
}

