# JRE version: Java(TM) SE Runtime Environment (8.0_111-b14) (build 1.8.0_111-b14)
# Java VM: Java HotSpot(TM) 64-Bit Server VM (25.111-b14 mixed mode windows-amd64 compressed oops)
Heap:
 PSYoungGen      total 358912K, used 76904K [0x00000000d6000000, 0x00000000ed580000, 0x0000000100000000)
  eden space 336384K, 18% used [0x00000000d6000000,0x00000000d9d8c008,0x00000000ea880000)
  from space 22528K, 61% used [0x00000000ebf80000,0x00000000ecd0e310,0x00000000ed580000)
  to   space 23040K, 0% used [0x00000000ea880000,0x00000000ea880000,0x00000000ebf00000)
 ParOldGen       total 99328K, used 37599K [0x0000000082000000, 0x0000000088100000, 0x00000000d6000000)
  object space 99328K, 37% used [0x0000000082000000,0x00000000844b7cd0,0x0000000088100000)
 Metaspace       used 30814K, capacity 31908K, committed 32128K, reserved 1077248K
  class space    used 3992K, capacity 4213K, committed 4224K, reserved 1048576K
GC Heap History (10 events):
Event: 11.190 GC heap before
{Heap before GC invocations=9 (full 1):
 PSYoungGen      total 211968K, used 195808K [0x00000000d6000000, 0x00000000e8800000, 0x0000000100000000)
  eden space 188416K, 99% used [0x00000000d6000000,0x00000000e16ec020,0x00000000e1800000)
  from space 23552K, 36% used [0x00000000e1800000,0x00000000e204c1d8,0x00000000e2f00000)
  to   space 21504K, 0% used [0x00000000e7300000,0x00000000e7300000,0x00000000e8800000)
 ParOldGen       total 99328K, used 32753K [0x0000000082000000, 0x0000000088100000, 0x00000000d6000000)
  object space 99328K, 32% used [0x0000000082000000,0x0000000083ffc648,0x0000000088100000)
 Metaspace       used 30144K, capacity 31200K, committed 31360K, reserved 1077248K
  class space    used 3982K, capacity 4213K, committed 4224K, reserved 1048576K
Event: 11.198 GC heap after
Heap after GC invocations=9 (full 1):
 PSYoungGen      total 266240K, used 12696K [0x00000000d6000000, 0x00000000e8100000, 0x0000000100000000)
  eden space 251904K, 0% used [0x00000000d6000000,0x00000000d6000000,0x00000000e5600000)
  from space 14336K, 88% used [0x00000000e7300000,0x00000000e7f66310,0x00000000e8100000)
  to   space 22016K, 0% used [0x00000000e5600000,0x00000000e5600000,0x00000000e6b80000)
 ParOldGen       total 99328K, used 32761K [0x0000000082000000, 0x0000000088100000, 0x00000000d6000000)
  object space 99328K, 32% used [0x0000000082000000,0x0000000083ffe648,0x0000000088100000)
 Metaspace       used 30144K, capacity 31200K, committed 31360K, reserved 1077248K
  class space    used 3982K, capacity 4213K, committed 4224K, reserved 1048576K
}
Event: 12.880 GC heap before
{Heap before GC invocations=10 (full 1):
 PSYoungGen      total 266240K, used 263817K [0x00000000d6000000, 0x00000000e8100000, 0x0000000100000000)
  eden space 251904K, 99% used [0x00000000d6000000,0x00000000e553c350,0x00000000e5600000)
  from space 14336K, 88% used [0x00000000e7300000,0x00000000e7f66310,0x00000000e8100000)
  to   space 22016K, 0% used [0x00000000e5600000,0x00000000e5600000,0x00000000e6b80000)
 ParOldGen       total 99328K, used 33961K [0x0000000082000000, 0x0000000088100000, 0x00000000d6000000)
  object space 99328K, 34% used [0x0000000082000000,0x000000008412a658,0x0000000088100000)
 Metaspace       used 30379K, capacity 31456K, committed 31616K, reserved 1077248K
  class space    used 3991K, capacity 4213K, committed 4224K, reserved 1048576K
Event: 12.887 GC heap after
Heap after GC invocations=10 (full 1):
 PSYoungGen      total 273920K, used 12651K [0x00000000d6000000, 0x00000000ead80000, 0x0000000100000000)
  eden space 251904K, 0% used [0x00000000d6000000,0x00000000d6000000,0x00000000e5600000)
  from space 22016K, 57% used [0x00000000e5600000,0x00000000e625ad90,0x00000000e6b80000)
  to   space 22016K, 0% used [0x00000000e9800000,0x00000000e9800000,0x00000000ead80000)
 ParOldGen       total 99328K, used 33969K [0x0000000082000000, 0x0000000088100000, 0x00000000d6000000)
  object space 99328K, 34% used [0x0000000082000000,0x000000008412c658,0x0000000088100000)
 Metaspace       used 30379K, capacity 31456K, committed 31616K, reserved 1077248K
  class space    used 3991K, capacity 4213K, committed 4224K, reserved 1048576K
}
Event: 14.566 GC heap before
{Heap before GC invocations=11 (full 1):
 PSYoungGen      total 273920K, used 264555K [0x00000000d6000000, 0x00000000ead80000, 0x0000000100000000)
  eden space 251904K, 100% used [0x00000000d6000000,0x00000000e5600000,0x00000000e5600000)
  from space 22016K, 57% used [0x00000000e5600000,0x00000000e625ad90,0x00000000e6b80000)
  to   space 22016K, 0% used [0x00000000e9800000,0x00000000e9800000,0x00000000ead80000)
 ParOldGen       total 99328K, used 36372K [0x0000000082000000, 0x0000000088100000, 0x00000000d6000000)
  object space 99328K, 36% used [0x0000000082000000,0x0000000084385160,0x0000000088100000)
 Metaspace       used 30429K, capacity 31456K, committed 31616K, reserved 1077248K
  class space    used 3991K, capacity 4213K, committed 4224K, reserved 1048576K
Event: 14.573 GC heap after
Heap after GC invocations=11 (full 1):
 PSYoungGen      total 311296K, used 13864K [0x00000000d6000000, 0x00000000ea980000, 0x0000000100000000)
  eden space 293376K, 0% used [0x00000000d6000000,0x00000000d6000000,0x00000000e7e80000)
  from space 17920K, 77% used [0x00000000e9800000,0x00000000ea58a320,0x00000000ea980000)
  to   space 22016K, 0% used [0x00000000e7e80000,0x00000000e7e80000,0x00000000e9400000)
 ParOldGen       total 99328K, used 36380K [0x0000000082000000, 0x0000000088100000, 0x00000000d6000000)
  object space 99328K, 36% used [0x0000000082000000,0x0000000084387160,0x0000000088100000)
 Metaspace       used 30429K, capacity 31456K, committed 31616K, reserved 1077248K
  class space    used 3991K, capacity 4213K, committed 4224K, reserved 1048576K
}
Event: 16.559 GC heap before
{Heap before GC invocations=12 (full 1):
 PSYoungGen      total 311296K, used 307138K [0x00000000d6000000, 0x00000000ea980000, 0x0000000100000000)
  eden space 293376K, 99% used [0x00000000d6000000,0x00000000e7e66810,0x00000000e7e80000)
  from space 17920K, 77% used [0x00000000e9800000,0x00000000ea58a320,0x00000000ea980000)
  to   space 22016K, 0% used [0x00000000e7e80000,0x00000000e7e80000,0x00000000e9400000)
 ParOldGen       total 99328K, used 37580K [0x0000000082000000, 0x0000000088100000, 0x00000000d6000000)
  object space 99328K, 37% used [0x0000000082000000,0x00000000844b3170,0x0000000088100000)
 Metaspace       used 30656K, capacity 31712K, committed 31872K, reserved 1077248K
  class space    used 3991K, capacity 4213K, committed 4224K, reserved 1048576K
Event: 16.567 GC heap after
Heap after GC invocations=12 (full 1):
 PSYoungGen      total 315392K, used 15064K [0x00000000d6000000, 0x00000000ed600000, 0x0000000100000000)
  eden space 293376K, 0% used [0x00000000d6000000,0x00000000d6000000,0x00000000e7e80000)
  from space 22016K, 68% used [0x00000000e7e80000,0x00000000e8d36330,0x00000000e9400000)
  to   space 23040K, 0% used [0x00000000ebf80000,0x00000000ebf80000,0x00000000ed600000)
 ParOldGen       total 99328K, used 37588K [0x0000000082000000, 0x0000000088100000, 0x00000000d6000000)
  object space 99328K, 37% used [0x0000000082000000,0x00000000844b5170,0x0000000088100000)
 Metaspace       used 30656K, capacity 31712K, committed 31872K, reserved 1077248K
  class space    used 3991K, capacity 4213K, committed 4224K, reserved 1048576K
}
Event: 18.478 GC heap before
{Heap before GC invocations=13 (full 1):
 PSYoungGen      total 315392K, used 308440K [0x00000000d6000000, 0x00000000ed600000, 0x0000000100000000)
  eden space 293376K, 100% used [0x00000000d6000000,0x00000000e7e80000,0x00000000e7e80000)
  from space 22016K, 68% used [0x00000000e7e80000,0x00000000e8d36330,0x00000000e9400000)
  to   space 23040K, 0% used [0x00000000ebf80000,0x00000000ebf80000,0x00000000ed600000)
 ParOldGen       total 99328K, used 37591K [0x0000000082000000, 0x0000000088100000, 0x00000000d6000000)
  object space 99328K, 37% used [0x0000000082000000,0x00000000844b5cd0,0x0000000088100000)
 Metaspace       used 30777K, capacity 31908K, committed 32128K, reserved 1077248K
  class space    used 3992K, capacity 4213K, committed 4224K, reserved 1048576K
Event: 18.489 GC heap after
Heap after GC invocations=13 (full 1):
 PSYoungGen      total 358912K, used 13880K [0x00000000d6000000, 0x00000000ed580000, 0x0000000100000000)
  eden space 336384K, 0% used [0x00000000d6000000,0x00000000d6000000,0x00000000ea880000)
  from space 22528K, 61% used [0x00000000ebf80000,0x00000000ecd0e310,0x00000000ed580000)
  to   space 23040K, 0% used [0x00000000ea880000,0x00000000ea880000,0x00000000ebf00000)
 ParOldGen       total 99328K, used 37599K [0x0000000082000000, 0x0000000088100000, 0x00000000d6000000)
  object space 99328K, 37% used [0x0000000082000000,0x00000000844b7cd0,0x0000000088100000)
 Metaspace       used 30777K, capacity 31908K, committed 32128K, reserved 1077248K
  class space    used 3992K, capacity 4213K, committed 4224K, reserved 1048576K
}

