# JRE version: Java(TM) SE Runtime Environment (8.0_111-b14) (build 1.8.0_111-b14)
# Java VM: Java HotSpot(TM) 64-Bit Server VM (25.111-b14 mixed mode windows-amd64 compressed oops)
Heap:
 PSYoungGen      total 127488K, used 36150K [0x00000000d6000000, 0x00000000de800000, 0x0000000100000000)
  eden space 116736K, 23% used [0x00000000d6000000,0x00000000d7a86490,0x00000000dd200000)
  from space 10752K, 83% used [0x00000000ddd80000,0x00000000de647530,0x00000000de800000)
  to   space 11264K, 0% used [0x00000000dd200000,0x00000000dd200000,0x00000000ddd00000)
 ParOldGen       total 93696K, used 30896K [0x0000000082000000, 0x0000000087b80000, 0x00000000d6000000)
  object space 93696K, 32% used [0x0000000082000000,0x0000000083e2c120,0x0000000087b80000)
 Metaspace       used 30841K, capacity 31902K, committed 32256K, reserved 1077248K
  class space    used 4068K, capacity 4308K, committed 4352K, reserved 1048576K
GC Heap History (10 events):
Event: 4.490 GC heap before
{Heap before GC invocations=7 (full 1):
 PSYoungGen      total 70656K, used 70144K [0x00000000d6000000, 0x00000000dc600000, 0x0000000100000000)
  eden space 65536K, 100% used [0x00000000d6000000,0x00000000da000000,0x00000000da000000)
  from space 5120K, 90% used [0x00000000da000000,0x00000000da480020,0x00000000da500000)
  to   space 10240K, 0% used [0x00000000dbc00000,0x00000000dbc00000,0x00000000dc600000)
 ParOldGen       total 93696K, used 30744K [0x0000000082000000, 0x0000000087b80000, 0x00000000d6000000)
  object space 93696K, 32% used [0x0000000082000000,0x0000000083e06120,0x0000000087b80000)
 Metaspace       used 23909K, capacity 24976K, committed 25088K, reserved 1071104K
  class space    used 3323K, capacity 3543K, committed 3584K, reserved 1048576K
Event: 4.493 GC heap after
Heap after GC invocations=7 (full 1):
 PSYoungGen      total 93184K, used 4926K [0x00000000d6000000, 0x00000000dc500000, 0x0000000100000000)
  eden space 83968K, 0% used [0x00000000d6000000,0x00000000d6000000,0x00000000db200000)
  from space 9216K, 53% used [0x00000000dbc00000,0x00000000dc0cfa10,0x00000000dc500000)
  to   space 9728K, 0% used [0x00000000db200000,0x00000000db200000,0x00000000dbb80000)
 ParOldGen       total 93696K, used 30752K [0x0000000082000000, 0x0000000087b80000, 0x00000000d6000000)
  object space 93696K, 32% used [0x0000000082000000,0x0000000083e08120,0x0000000087b80000)
 Metaspace       used 23909K, capacity 24976K, committed 25088K, reserved 1071104K
  class space    used 3323K, capacity 3543K, committed 3584K, reserved 1048576K
}
Event: 5.092 GC heap before
{Heap before GC invocations=8 (full 1):
 PSYoungGen      total 93184K, used 88894K [0x00000000d6000000, 0x00000000dc500000, 0x0000000100000000)
  eden space 83968K, 100% used [0x00000000d6000000,0x00000000db200000,0x00000000db200000)
  from space 9216K, 53% used [0x00000000dbc00000,0x00000000dc0cfa10,0x00000000dc500000)
  to   space 9728K, 0% used [0x00000000db200000,0x00000000db200000,0x00000000dbb80000)
 ParOldGen       total 93696K, used 30752K [0x0000000082000000, 0x0000000087b80000, 0x00000000d6000000)
  object space 93696K, 32% used [0x0000000082000000,0x0000000083e08120,0x0000000087b80000)
 Metaspace       used 24184K, capacity 25232K, committed 25472K, reserved 1071104K
  class space    used 3358K, capacity 3607K, committed 3712K, reserved 1048576K
Event: 5.095 GC heap after
Heap after GC invocations=8 (full 1):
 PSYoungGen      total 93696K, used 4626K [0x00000000d6000000, 0x00000000dd880000, 0x0000000100000000)
  eden space 83968K, 0% used [0x00000000d6000000,0x00000000d6000000,0x00000000db200000)
  from space 9728K, 47% used [0x00000000db200000,0x00000000db684aa0,0x00000000dbb80000)
  to   space 9216K, 0% used [0x00000000dcf80000,0x00000000dcf80000,0x00000000dd880000)
 ParOldGen       total 93696K, used 30752K [0x0000000082000000, 0x0000000087b80000, 0x00000000d6000000)
  object space 93696K, 32% used [0x0000000082000000,0x0000000083e08120,0x0000000087b80000)
 Metaspace       used 24184K, capacity 25232K, committed 25472K, reserved 1071104K
  class space    used 3358K, capacity 3607K, committed 3712K, reserved 1048576K
}
Event: 6.470 GC heap before
{Heap before GC invocations=9 (full 1):
 PSYoungGen      total 93696K, used 88594K [0x00000000d6000000, 0x00000000dd880000, 0x0000000100000000)
  eden space 83968K, 100% used [0x00000000d6000000,0x00000000db200000,0x00000000db200000)
  from space 9728K, 47% used [0x00000000db200000,0x00000000db684aa0,0x00000000dbb80000)
  to   space 9216K, 0% used [0x00000000dcf80000,0x00000000dcf80000,0x00000000dd880000)
 ParOldGen       total 93696K, used 30752K [0x0000000082000000, 0x0000000087b80000, 0x00000000d6000000)
  object space 93696K, 32% used [0x0000000082000000,0x0000000083e08120,0x0000000087b80000)
 Metaspace       used 27278K, capacity 28400K, committed 28544K, reserved 1073152K
  class space    used 3648K, capacity 3911K, committed 3968K, reserved 1048576K
Event: 6.475 GC heap after
Heap after GC invocations=9 (full 1):
 PSYoungGen      total 110080K, used 6724K [0x00000000d6000000, 0x00000000dd680000, 0x0000000100000000)
  eden space 102912K, 0% used [0x00000000d6000000,0x00000000d6000000,0x00000000dc480000)
  from space 7168K, 93% used [0x00000000dcf80000,0x00000000dd611040,0x00000000dd680000)
  to   space 9216K, 0% used [0x00000000dc480000,0x00000000dc480000,0x00000000dcd80000)
 ParOldGen       total 93696K, used 30760K [0x0000000082000000, 0x0000000087b80000, 0x00000000d6000000)
  object space 93696K, 32% used [0x0000000082000000,0x0000000083e0a120,0x0000000087b80000)
 Metaspace       used 27278K, capacity 28400K, committed 28544K, reserved 1073152K
  class space    used 3648K, capacity 3911K, committed 3968K, reserved 1048576K
}
Event: 6.966 GC heap before
{Heap before GC invocations=10 (full 1):
 PSYoungGen      total 110080K, used 108592K [0x00000000d6000000, 0x00000000dd680000, 0x0000000100000000)
  eden space 102912K, 98% used [0x00000000d6000000,0x00000000dc37b288,0x00000000dc480000)
  from space 7168K, 93% used [0x00000000dcf80000,0x00000000dd611040,0x00000000dd680000)
  to   space 9216K, 0% used [0x00000000dc480000,0x00000000dc480000,0x00000000dcd80000)
 ParOldGen       total 93696K, used 30760K [0x0000000082000000, 0x0000000087b80000, 0x00000000d6000000)
  object space 93696K, 32% used [0x0000000082000000,0x0000000083e0a120,0x0000000087b80000)
 Metaspace       used 27806K, capacity 28880K, committed 29056K, reserved 1075200K
  class space    used 3703K, capacity 3943K, committed 3968K, reserved 1048576K
Event: 6.972 GC heap after
Heap after GC invocations=10 (full 1):
 PSYoungGen      total 112128K, used 9196K [0x00000000d6000000, 0x00000000de800000, 0x0000000100000000)
  eden space 102912K, 0% used [0x00000000d6000000,0x00000000d6000000,0x00000000dc480000)
  from space 9216K, 99% used [0x00000000dc480000,0x00000000dcd7b2e0,0x00000000dcd80000)
  to   space 10752K, 0% used [0x00000000ddd80000,0x00000000ddd80000,0x00000000de800000)
 ParOldGen       total 93696K, used 30888K [0x0000000082000000, 0x0000000087b80000, 0x00000000d6000000)
  object space 93696K, 32% used [0x0000000082000000,0x0000000083e2a120,0x0000000087b80000)
 Metaspace       used 27806K, capacity 28880K, committed 29056K, reserved 1075200K
  class space    used 3703K, capacity 3943K, committed 3968K, reserved 1048576K
}
Event: 8.670 GC heap before
{Heap before GC invocations=11 (full 1):
 PSYoungGen      total 112128K, used 112108K [0x00000000d6000000, 0x00000000de800000, 0x0000000100000000)
  eden space 102912K, 100% used [0x00000000d6000000,0x00000000dc480000,0x00000000dc480000)
  from space 9216K, 99% used [0x00000000dc480000,0x00000000dcd7b2e0,0x00000000dcd80000)
  to   space 10752K, 0% used [0x00000000ddd80000,0x00000000ddd80000,0x00000000de800000)
 ParOldGen       total 93696K, used 30888K [0x0000000082000000, 0x0000000087b80000, 0x00000000d6000000)
  object space 93696K, 32% used [0x0000000082000000,0x0000000083e2a120,0x0000000087b80000)
 Metaspace       used 30091K, capacity 31134K, committed 31488K, reserved 1077248K
  class space    used 4002K, capacity 4266K, committed 4352K, reserved 1048576K
Event: 8.678 GC heap after
Heap after GC invocations=11 (full 1):
 PSYoungGen      total 127488K, used 8989K [0x00000000d6000000, 0x00000000de800000, 0x0000000100000000)
  eden space 116736K, 0% used [0x00000000d6000000,0x00000000d6000000,0x00000000dd200000)
  from space 10752K, 83% used [0x00000000ddd80000,0x00000000de647530,0x00000000de800000)
  to   space 11264K, 0% used [0x00000000dd200000,0x00000000dd200000,0x00000000ddd00000)
 ParOldGen       total 93696K, used 30896K [0x0000000082000000, 0x0000000087b80000, 0x00000000d6000000)
  object space 93696K, 32% used [0x0000000082000000,0x0000000083e2c120,0x0000000087b80000)
 Metaspace       used 30091K, capacity 31134K, committed 31488K, reserved 1077248K
  class space    used 4002K, capacity 4266K, committed 4352K, reserved 1048576K
}

