# JRE version: Java(TM) SE Runtime Environment (8.0_111-b14) (build 1.8.0_111-b14)
# Java VM: Java HotSpot(TM) 64-Bit Server VM (25.111-b14 mixed mode windows-amd64 compressed oops)
Heap:
 PSYoungGen      total 194048K, used 165889K [0x00000000d6000000, 0x00000000e3080000, 0x0000000100000000)
  eden space 178176K, 92% used [0x00000000d6000000,0x00000000e001c5a8,0x00000000e0e00000)
  from space 15872K, 12% used [0x00000000e0e00000,0x00000000e0fe4010,0x00000000e1d80000)
  to   space 15872K, 0% used [0x00000000e2100000,0x00000000e2100000,0x00000000e3080000)
 ParOldGen       total 94720K, used 44088K [0x0000000082000000, 0x0000000087c80000, 0x00000000d6000000)
  object space 94720K, 46% used [0x0000000082000000,0x0000000084b0e2e8,0x0000000087c80000)
 Metaspace       used 32297K, capacity 33428K, committed 33536K, reserved 1079296K
  class space    used 4093K, capacity 4323K, committed 4352K, reserved 1048576K
GC Heap History (10 events):
Event: 33.233 GC heap before
{Heap before GC invocations=24 (full 1):
 PSYoungGen      total 185344K, used 171717K [0x00000000d6000000, 0x00000000e2680000, 0x0000000100000000)
  eden space 168448K, 99% used [0x00000000d6000000,0x00000000e03b78e8,0x00000000e0480000)
  from space 16896K, 24% used [0x00000000e1600000,0x00000000e19f9b80,0x00000000e2680000)
  to   space 17408K, 0% used [0x00000000e0480000,0x00000000e0480000,0x00000000e1580000)
 ParOldGen       total 94720K, used 41529K [0x0000000082000000, 0x0000000087c80000, 0x00000000d6000000)
  object space 94720K, 43% used [0x0000000082000000,0x000000008488e768,0x0000000087c80000)
 Metaspace       used 29853K, capacity 30904K, committed 31232K, reserved 1077248K
  class space    used 3804K, capacity 4023K, committed 4096K, reserved 1048576K
Event: 33.236 GC heap after
Heap after GC invocations=24 (full 1):
 PSYoungGen      total 185856K, used 2996K [0x00000000d6000000, 0x00000000e2b80000, 0x0000000100000000)
  eden space 168448K, 0% used [0x00000000d6000000,0x00000000d6000000,0x00000000e0480000)
  from space 17408K, 17% used [0x00000000e0480000,0x00000000e076d020,0x00000000e1580000)
  to   space 17408K, 0% used [0x00000000e1a80000,0x00000000e1a80000,0x00000000e2b80000)
 ParOldGen       total 94720K, used 43004K [0x0000000082000000, 0x0000000087c80000, 0x00000000d6000000)
  object space 94720K, 45% used [0x0000000082000000,0x00000000849ff2d8,0x0000000087c80000)
 Metaspace       used 29853K, capacity 30904K, committed 31232K, reserved 1077248K
  class space    used 3804K, capacity 4023K, committed 4096K, reserved 1048576K
}
Event: 35.852 GC heap before
{Heap before GC invocations=25 (full 1):
 PSYoungGen      total 185856K, used 171444K [0x00000000d6000000, 0x00000000e2b80000, 0x0000000100000000)
  eden space 168448K, 100% used [0x00000000d6000000,0x00000000e0480000,0x00000000e0480000)
  from space 17408K, 17% used [0x00000000e0480000,0x00000000e076d020,0x00000000e1580000)
  to   space 17408K, 0% used [0x00000000e1a80000,0x00000000e1a80000,0x00000000e2b80000)
 ParOldGen       total 94720K, used 43004K [0x0000000082000000, 0x0000000087c80000, 0x00000000d6000000)
  object space 94720K, 45% used [0x0000000082000000,0x00000000849ff2d8,0x0000000087c80000)
 Metaspace       used 30068K, capacity 31124K, committed 31488K, reserved 1077248K
  class space    used 3806K, capacity 4027K, committed 4096K, reserved 1048576K
Event: 35.860 GC heap after
Heap after GC invocations=25 (full 1):
 PSYoungGen      total 189952K, used 7616K [0x00000000d6000000, 0x00000000e2a00000, 0x0000000100000000)
  eden space 174080K, 0% used [0x00000000d6000000,0x00000000d6000000,0x00000000e0a00000)
  from space 15872K, 47% used [0x00000000e1a80000,0x00000000e21f0040,0x00000000e2a00000)
  to   space 16384K, 0% used [0x00000000e0a00000,0x00000000e0a00000,0x00000000e1a00000)
 ParOldGen       total 94720K, used 44000K [0x0000000082000000, 0x0000000087c80000, 0x00000000d6000000)
  object space 94720K, 46% used [0x0000000082000000,0x0000000084af82e8,0x0000000087c80000)
 Metaspace       used 30068K, capacity 31124K, committed 31488K, reserved 1077248K
  class space    used 3806K, capacity 4027K, committed 4096K, reserved 1048576K
}
Event: 38.440 GC heap before
{Heap before GC invocations=26 (full 1):
 PSYoungGen      total 189952K, used 181413K [0x00000000d6000000, 0x00000000e2a00000, 0x0000000100000000)
  eden space 174080K, 99% used [0x00000000d6000000,0x00000000e09b93f8,0x00000000e0a00000)
  from space 15872K, 47% used [0x00000000e1a80000,0x00000000e21f0040,0x00000000e2a00000)
  to   space 16384K, 0% used [0x00000000e0a00000,0x00000000e0a00000,0x00000000e1a00000)
 ParOldGen       total 94720K, used 44000K [0x0000000082000000, 0x0000000087c80000, 0x00000000d6000000)
  object space 94720K, 46% used [0x0000000082000000,0x0000000084af82e8,0x0000000087c80000)
 Metaspace       used 30128K, capacity 31252K, committed 31488K, reserved 1077248K
  class space    used 3806K, capacity 4027K, committed 4096K, reserved 1048576K
Event: 38.446 GC heap after
Heap after GC invocations=26 (full 1):
 PSYoungGen      total 190464K, used 4704K [0x00000000d6000000, 0x00000000e2d00000, 0x0000000100000000)
  eden space 174080K, 0% used [0x00000000d6000000,0x00000000d6000000,0x00000000e0a00000)
  from space 16384K, 28% used [0x00000000e0a00000,0x00000000e0e98020,0x00000000e1a00000)
  to   space 15872K, 0% used [0x00000000e1d80000,0x00000000e1d80000,0x00000000e2d00000)
 ParOldGen       total 94720K, used 44024K [0x0000000082000000, 0x0000000087c80000, 0x00000000d6000000)
  object space 94720K, 46% used [0x0000000082000000,0x0000000084afe2e8,0x0000000087c80000)
 Metaspace       used 30128K, capacity 31252K, committed 31488K, reserved 1077248K
  class space    used 3806K, capacity 4027K, committed 4096K, reserved 1048576K
}
Event: 40.933 GC heap before
{Heap before GC invocations=27 (full 1):
 PSYoungGen      total 190464K, used 178349K [0x00000000d6000000, 0x00000000e2d00000, 0x0000000100000000)
  eden space 174080K, 99% used [0x00000000d6000000,0x00000000e0993658,0x00000000e0a00000)
  from space 16384K, 28% used [0x00000000e0a00000,0x00000000e0e98020,0x00000000e1a00000)
  to   space 15872K, 0% used [0x00000000e1d80000,0x00000000e1d80000,0x00000000e2d00000)
 ParOldGen       total 94720K, used 44024K [0x0000000082000000, 0x0000000087c80000, 0x00000000d6000000)
  object space 94720K, 46% used [0x0000000082000000,0x0000000084afe2e8,0x0000000087c80000)
 Metaspace       used 30197K, capacity 31252K, committed 31488K, reserved 1077248K
  class space    used 3806K, capacity 4027K, committed 4096K, reserved 1048576K
Event: 40.938 GC heap after
Heap after GC invocations=27 (full 1):
 PSYoungGen      total 194048K, used 3952K [0x00000000d6000000, 0x00000000e2d00000, 0x0000000100000000)
  eden space 178176K, 0% used [0x00000000d6000000,0x00000000d6000000,0x00000000e0e00000)
  from space 15872K, 24% used [0x00000000e1d80000,0x00000000e215c010,0x00000000e2d00000)
  to   space 15872K, 0% used [0x00000000e0e00000,0x00000000e0e00000,0x00000000e1d80000)
 ParOldGen       total 94720K, used 44056K [0x0000000082000000, 0x0000000087c80000, 0x00000000d6000000)
  object space 94720K, 46% used [0x0000000082000000,0x0000000084b062e8,0x0000000087c80000)
 Metaspace       used 30197K, capacity 31252K, committed 31488K, reserved 1077248K
  class space    used 3806K, capacity 4027K, committed 4096K, reserved 1048576K
}
Event: 43.363 GC heap before
{Heap before GC invocations=28 (full 1):
 PSYoungGen      total 194048K, used 181985K [0x00000000d6000000, 0x00000000e2d00000, 0x0000000100000000)
  eden space 178176K, 99% used [0x00000000d6000000,0x00000000e0ddc748,0x00000000e0e00000)
  from space 15872K, 24% used [0x00000000e1d80000,0x00000000e215c010,0x00000000e2d00000)
  to   space 15872K, 0% used [0x00000000e0e00000,0x00000000e0e00000,0x00000000e1d80000)
 ParOldGen       total 94720K, used 44056K [0x0000000082000000, 0x0000000087c80000, 0x00000000d6000000)
  object space 94720K, 46% used [0x0000000082000000,0x0000000084b062e8,0x0000000087c80000)
 Metaspace       used 30202K, capacity 31252K, committed 31488K, reserved 1077248K
  class space    used 3806K, capacity 4027K, committed 4096K, reserved 1048576K
Event: 43.364 GC heap after
Heap after GC invocations=28 (full 1):
 PSYoungGen      total 194048K, used 1936K [0x00000000d6000000, 0x00000000e3080000, 0x0000000100000000)
  eden space 178176K, 0% used [0x00000000d6000000,0x00000000d6000000,0x00000000e0e00000)
  from space 15872K, 12% used [0x00000000e0e00000,0x00000000e0fe4010,0x00000000e1d80000)
  to   space 15872K, 0% used [0x00000000e2100000,0x00000000e2100000,0x00000000e3080000)
 ParOldGen       total 94720K, used 44088K [0x0000000082000000, 0x0000000087c80000, 0x00000000d6000000)
  object space 94720K, 46% used [0x0000000082000000,0x0000000084b0e2e8,0x0000000087c80000)
 Metaspace       used 30202K, capacity 31252K, committed 31488K, reserved 1077248K
  class space    used 3806K, capacity 4027K, committed 4096K, reserved 1048576K
}

