# JRE version: Java(TM) SE Runtime Environment (8.0_111-b14) (build 1.8.0_111-b14)
# Java VM: Java HotSpot(TM) 64-Bit Server VM (25.111-b14 mixed mode windows-amd64 compressed oops)
Heap:
 PSYoungGen      total 117248K, used 14592K [0x00000000d6000000, 0x00000000de700000, 0x0000000100000000)
  eden space 102912K, 5% used [0x00000000d6000000,0x00000000d65c4d50,0x00000000dc480000)
  from space 14336K, 60% used [0x00000000dc480000,0x00000000dccfb2c0,0x00000000dd280000)
  to   space 13824K, 0% used [0x00000000dd980000,0x00000000dd980000,0x00000000de700000)
 ParOldGen       total 94720K, used 32047K [0x0000000082000000, 0x0000000087c80000, 0x00000000d6000000)
  object space 94720K, 33% used [0x0000000082000000,0x0000000083f4be90,0x0000000087c80000)
 Metaspace       used 30662K, capacity 31788K, committed 32000K, reserved 1077248K
  class space    used 4022K, capacity 4275K, committed 4352K, reserved 1048576K
GC Heap History (10 events):
Event: 9.394 GC heap before
{Heap before GC invocations=16 (full 1):
 PSYoungGen      total 95744K, used 93823K [0x00000000d6000000, 0x00000000dc880000, 0x0000000100000000)
  eden space 85504K, 99% used [0x00000000d6000000,0x00000000db328ac8,0x00000000db380000)
  from space 10240K, 84% used [0x00000000dbe80000,0x00000000dc6f72d0,0x00000000dc880000)
  to   space 10752K, 0% used [0x00000000db380000,0x00000000db380000,0x00000000dbe00000)
 ParOldGen       total 94720K, used 30807K [0x0000000082000000, 0x0000000087c80000, 0x00000000d6000000)
  object space 94720K, 32% used [0x0000000082000000,0x0000000083e15e80,0x0000000087c80000)
 Metaspace       used 30335K, capacity 31470K, committed 31744K, reserved 1077248K
  class space    used 4017K, capacity 4266K, committed 4352K, reserved 1048576K
Event: 9.399 GC heap after
Heap after GC invocations=16 (full 1):
 PSYoungGen      total 96256K, used 8655K [0x00000000d6000000, 0x00000000dd500000, 0x0000000100000000)
  eden space 85504K, 0% used [0x00000000d6000000,0x00000000d6000000,0x00000000db380000)
  from space 10752K, 80% used [0x00000000db380000,0x00000000dbbf3d50,0x00000000dbe00000)
  to   space 11264K, 0% used [0x00000000dca00000,0x00000000dca00000,0x00000000dd500000)
 ParOldGen       total 94720K, used 30815K [0x0000000082000000, 0x0000000087c80000, 0x00000000d6000000)
  object space 94720K, 32% used [0x0000000082000000,0x0000000083e17e80,0x0000000087c80000)
 Metaspace       used 30335K, capacity 31470K, committed 31744K, reserved 1077248K
  class space    used 4017K, capacity 4266K, committed 4352K, reserved 1048576K
}
Event: 10.536 GC heap before
{Heap before GC invocations=17 (full 1):
 PSYoungGen      total 96256K, used 93201K [0x00000000d6000000, 0x00000000dd500000, 0x0000000100000000)
  eden space 85504K, 98% used [0x00000000d6000000,0x00000000db2906c0,0x00000000db380000)
  from space 10752K, 80% used [0x00000000db380000,0x00000000dbbf3d50,0x00000000dbe00000)
  to   space 11264K, 0% used [0x00000000dca00000,0x00000000dca00000,0x00000000dd500000)
 ParOldGen       total 94720K, used 30815K [0x0000000082000000, 0x0000000087c80000, 0x00000000d6000000)
  object space 94720K, 32% used [0x0000000082000000,0x0000000083e17e80,0x0000000087c80000)
 Metaspace       used 30449K, capacity 31534K, committed 31744K, reserved 1077248K
  class space    used 4017K, capacity 4266K, committed 4352K, reserved 1048576K
Event: 10.542 GC heap after
Heap after GC invocations=17 (full 1):
 PSYoungGen      total 108032K, used 9868K [0x00000000d6000000, 0x00000000dd580000, 0x0000000100000000)
  eden space 96768K, 0% used [0x00000000d6000000,0x00000000d6000000,0x00000000dbe80000)
  from space 11264K, 87% used [0x00000000dca00000,0x00000000dd3a32e0,0x00000000dd500000)
  to   space 11776K, 0% used [0x00000000dbe80000,0x00000000dbe80000,0x00000000dca00000)
 ParOldGen       total 94720K, used 30823K [0x0000000082000000, 0x0000000087c80000, 0x00000000d6000000)
  object space 94720K, 32% used [0x0000000082000000,0x0000000083e19e80,0x0000000087c80000)
 Metaspace       used 30449K, capacity 31534K, committed 31744K, reserved 1077248K
  class space    used 4017K, capacity 4266K, committed 4352K, reserved 1048576K
}
Event: 11.832 GC heap before
{Heap before GC invocations=18 (full 1):
 PSYoungGen      total 108032K, used 106297K [0x00000000d6000000, 0x00000000dd580000, 0x0000000100000000)
  eden space 96768K, 99% used [0x00000000d6000000,0x00000000dbe2b1a8,0x00000000dbe80000)
  from space 11264K, 87% used [0x00000000dca00000,0x00000000dd3a32e0,0x00000000dd500000)
  to   space 11776K, 0% used [0x00000000dbe80000,0x00000000dbe80000,0x00000000dca00000)
 ParOldGen       total 94720K, used 30823K [0x0000000082000000, 0x0000000087c80000, 0x00000000d6000000)
  object space 94720K, 32% used [0x0000000082000000,0x0000000083e19e80,0x0000000087c80000)
 Metaspace       used 30514K, capacity 31614K, committed 31744K, reserved 1077248K
  class space    used 4017K, capacity 4266K, committed 4352K, reserved 1048576K
Event: 11.837 GC heap after
Heap after GC invocations=18 (full 1):
 PSYoungGen      total 108544K, used 9887K [0x00000000d6000000, 0x00000000ddf00000, 0x0000000100000000)
  eden space 96768K, 0% used [0x00000000d6000000,0x00000000d6000000,0x00000000dbe80000)
  from space 11776K, 83% used [0x00000000dbe80000,0x00000000dc827d60,0x00000000dca00000)
  to   space 12800K, 0% used [0x00000000dd280000,0x00000000dd280000,0x00000000ddf00000)
 ParOldGen       total 94720K, used 30831K [0x0000000082000000, 0x0000000087c80000, 0x00000000d6000000)
  object space 94720K, 32% used [0x0000000082000000,0x0000000083e1be80,0x0000000087c80000)
 Metaspace       used 30514K, capacity 31614K, committed 31744K, reserved 1077248K
  class space    used 4017K, capacity 4266K, committed 4352K, reserved 1048576K
}
Event: 13.111 GC heap before
{Heap before GC invocations=19 (full 1):
 PSYoungGen      total 108544K, used 106223K [0x00000000d6000000, 0x00000000ddf00000, 0x0000000100000000)
  eden space 96768K, 99% used [0x00000000d6000000,0x00000000dbe14240,0x00000000dbe80000)
  from space 11776K, 83% used [0x00000000dbe80000,0x00000000dc827d60,0x00000000dca00000)
  to   space 12800K, 0% used [0x00000000dd280000,0x00000000dd280000,0x00000000ddf00000)
 ParOldGen       total 94720K, used 30831K [0x0000000082000000, 0x0000000087c80000, 0x00000000d6000000)
  object space 94720K, 32% used [0x0000000082000000,0x0000000083e1be80,0x0000000087c80000)
 Metaspace       used 30544K, capacity 31614K, committed 31744K, reserved 1077248K
  class space    used 4017K, capacity 4266K, committed 4352K, reserved 1048576K
Event: 13.119 GC heap after
Heap after GC invocations=19 (full 1):
 PSYoungGen      total 115712K, used 12300K [0x00000000d6000000, 0x00000000de200000, 0x0000000100000000)
  eden space 102912K, 0% used [0x00000000d6000000,0x00000000d6000000,0x00000000dc480000)
  from space 12800K, 96% used [0x00000000dd280000,0x00000000dde83300,0x00000000ddf00000)
  to   space 14336K, 0% used [0x00000000dc480000,0x00000000dc480000,0x00000000dd280000)
 ParOldGen       total 94720K, used 30839K [0x0000000082000000, 0x0000000087c80000, 0x00000000d6000000)
  object space 94720K, 32% used [0x0000000082000000,0x0000000083e1de80,0x0000000087c80000)
 Metaspace       used 30544K, capacity 31614K, committed 31744K, reserved 1077248K
  class space    used 4017K, capacity 4266K, committed 4352K, reserved 1048576K
}
Event: 14.513 GC heap before
{Heap before GC invocations=20 (full 1):
 PSYoungGen      total 115712K, used 114912K [0x00000000d6000000, 0x00000000de200000, 0x0000000100000000)
  eden space 102912K, 99% used [0x00000000d6000000,0x00000000dc434e30,0x00000000dc480000)
  from space 12800K, 96% used [0x00000000dd280000,0x00000000dde83300,0x00000000ddf00000)
  to   space 14336K, 0% used [0x00000000dc480000,0x00000000dc480000,0x00000000dd280000)
 ParOldGen       total 94720K, used 32039K [0x0000000082000000, 0x0000000087c80000, 0x00000000d6000000)
  object space 94720K, 33% used [0x0000000082000000,0x0000000083f49e90,0x0000000087c80000)
 Metaspace       used 30625K, capacity 31750K, committed 32000K, reserved 1077248K
  class space    used 4017K, capacity 4266K, committed 4352K, reserved 1048576K
Event: 14.518 GC heap after
Heap after GC invocations=20 (full 1):
 PSYoungGen      total 117248K, used 8684K [0x00000000d6000000, 0x00000000de700000, 0x0000000100000000)
  eden space 102912K, 0% used [0x00000000d6000000,0x00000000d6000000,0x00000000dc480000)
  from space 14336K, 60% used [0x00000000dc480000,0x00000000dccfb2c0,0x00000000dd280000)
  to   space 13824K, 0% used [0x00000000dd980000,0x00000000dd980000,0x00000000de700000)
 ParOldGen       total 94720K, used 32047K [0x0000000082000000, 0x0000000087c80000, 0x00000000d6000000)
  object space 94720K, 33% used [0x0000000082000000,0x0000000083f4be90,0x0000000087c80000)
 Metaspace       used 30625K, capacity 31750K, committed 32000K, reserved 1077248K
  class space    used 4017K, capacity 4266K, committed 4352K, reserved 1048576K
}

