# JRE version: Java(TM) SE Runtime Environment (8.0_111-b14) (build 1.8.0_111-b14)
# Java VM: Java HotSpot(TM) 64-Bit Server VM (25.111-b14 mixed mode windows-amd64 compressed oops)
Heap:
 PSYoungGen      total 125952K, used 80771K [0x00000000d6000000, 0x00000000de700000, 0x0000000100000000)
  eden space 116736K, 61% used [0x00000000d6000000,0x00000000da60b120,0x00000000dd200000)
  from space 9216K, 98% used [0x00000000dde00000,0x00000000de6d5d60,0x00000000de700000)
  to   space 10752K, 0% used [0x00000000dd200000,0x00000000dd200000,0x00000000ddc80000)
 ParOldGen       total 93696K, used 34222K [0x0000000082000000, 0x0000000087b80000, 0x00000000d6000000)
  object space 93696K, 36% used [0x0000000082000000,0x000000008416b858,0x0000000087b80000)
 Metaspace       used 31126K, capacity 32190K, committed 32512K, reserved 1077248K
  class space    used 4088K, capacity 4340K, committed 4352K, reserved 1048576K
GC Heap History (10 events):
Event: 4.386 GC heap before
{Heap before GC invocations=7 (full 1):
 PSYoungGen      total 70656K, used 70196K [0x00000000d6000000, 0x00000000dc600000, 0x0000000100000000)
  eden space 65536K, 100% used [0x00000000d6000000,0x00000000da000000,0x00000000da000000)
  from space 5120K, 91% used [0x00000000da000000,0x00000000da48d140,0x00000000da500000)
  to   space 10240K, 0% used [0x00000000dbc00000,0x00000000dbc00000,0x00000000dc600000)
 ParOldGen       total 93696K, used 30758K [0x0000000082000000, 0x0000000087b80000, 0x00000000d6000000)
  object space 93696K, 32% used [0x0000000082000000,0x0000000083e09828,0x0000000087b80000)
 Metaspace       used 23902K, capacity 24940K, committed 25088K, reserved 1071104K
  class space    used 3331K, capacity 3553K, committed 3584K, reserved 1048576K
Event: 4.389 GC heap after
Heap after GC invocations=7 (full 1):
 PSYoungGen      total 93184K, used 4924K [0x00000000d6000000, 0x00000000dc500000, 0x0000000100000000)
  eden space 83968K, 0% used [0x00000000d6000000,0x00000000d6000000,0x00000000db200000)
  from space 9216K, 53% used [0x00000000dbc00000,0x00000000dc0cf3a0,0x00000000dc500000)
  to   space 9728K, 0% used [0x00000000db200000,0x00000000db200000,0x00000000dbb80000)
 ParOldGen       total 93696K, used 30766K [0x0000000082000000, 0x0000000087b80000, 0x00000000d6000000)
  object space 93696K, 32% used [0x0000000082000000,0x0000000083e0b828,0x0000000087b80000)
 Metaspace       used 23902K, capacity 24940K, committed 25088K, reserved 1071104K
  class space    used 3331K, capacity 3553K, committed 3584K, reserved 1048576K
}
Event: 4.992 GC heap before
{Heap before GC invocations=8 (full 1):
 PSYoungGen      total 93184K, used 88892K [0x00000000d6000000, 0x00000000dc500000, 0x0000000100000000)
  eden space 83968K, 100% used [0x00000000d6000000,0x00000000db200000,0x00000000db200000)
  from space 9216K, 53% used [0x00000000dbc00000,0x00000000dc0cf3a0,0x00000000dc500000)
  to   space 9728K, 0% used [0x00000000db200000,0x00000000db200000,0x00000000dbb80000)
 ParOldGen       total 93696K, used 30766K [0x0000000082000000, 0x0000000087b80000, 0x00000000d6000000)
  object space 93696K, 32% used [0x0000000082000000,0x0000000083e0b828,0x0000000087b80000)
 Metaspace       used 24190K, capacity 25260K, committed 25472K, reserved 1071104K
  class space    used 3366K, capacity 3617K, committed 3712K, reserved 1048576K
Event: 4.996 GC heap after
Heap after GC invocations=8 (full 1):
 PSYoungGen      total 93696K, used 4645K [0x00000000d6000000, 0x00000000dd900000, 0x0000000100000000)
  eden space 83968K, 0% used [0x00000000d6000000,0x00000000d6000000,0x00000000db200000)
  from space 9728K, 47% used [0x00000000db200000,0x00000000db689520,0x00000000dbb80000)
  to   space 9216K, 0% used [0x00000000dd000000,0x00000000dd000000,0x00000000dd900000)
 ParOldGen       total 93696K, used 30774K [0x0000000082000000, 0x0000000087b80000, 0x00000000d6000000)
  object space 93696K, 32% used [0x0000000082000000,0x0000000083e0d828,0x0000000087b80000)
 Metaspace       used 24190K, capacity 25260K, committed 25472K, reserved 1071104K
  class space    used 3366K, capacity 3617K, committed 3712K, reserved 1048576K
}
Event: 6.389 GC heap before
{Heap before GC invocations=9 (full 1):
 PSYoungGen      total 93696K, used 88613K [0x00000000d6000000, 0x00000000dd900000, 0x0000000100000000)
  eden space 83968K, 100% used [0x00000000d6000000,0x00000000db200000,0x00000000db200000)
  from space 9728K, 47% used [0x00000000db200000,0x00000000db689520,0x00000000dbb80000)
  to   space 9216K, 0% used [0x00000000dd000000,0x00000000dd000000,0x00000000dd900000)
 ParOldGen       total 93696K, used 30774K [0x0000000082000000, 0x0000000087b80000, 0x00000000d6000000)
  object space 93696K, 32% used [0x0000000082000000,0x0000000083e0d828,0x0000000087b80000)
 Metaspace       used 27190K, capacity 28300K, committed 28544K, reserved 1073152K
  class space    used 3656K, capacity 3921K, committed 3968K, reserved 1048576K
Event: 6.394 GC heap after
Heap after GC invocations=9 (full 1):
 PSYoungGen      total 109568K, used 6650K [0x00000000d6000000, 0x00000000dd680000, 0x0000000100000000)
  eden space 102912K, 0% used [0x00000000d6000000,0x00000000d6000000,0x00000000dc480000)
  from space 6656K, 99% used [0x00000000dd000000,0x00000000dd67e8a0,0x00000000dd680000)
  to   space 9216K, 0% used [0x00000000dc480000,0x00000000dc480000,0x00000000dcd80000)
 ParOldGen       total 93696K, used 30782K [0x0000000082000000, 0x0000000087b80000, 0x00000000d6000000)
  object space 93696K, 32% used [0x0000000082000000,0x0000000083e0f828,0x0000000087b80000)
 Metaspace       used 27190K, capacity 28300K, committed 28544K, reserved 1073152K
  class space    used 3656K, capacity 3921K, committed 3968K, reserved 1048576K
}
Event: 6.919 GC heap before
{Heap before GC invocations=10 (full 1):
 PSYoungGen      total 109568K, used 109466K [0x00000000d6000000, 0x00000000dd680000, 0x0000000100000000)
  eden space 102912K, 99% used [0x00000000d6000000,0x00000000dc468058,0x00000000dc480000)
  from space 6656K, 99% used [0x00000000dd000000,0x00000000dd67e8a0,0x00000000dd680000)
  to   space 9216K, 0% used [0x00000000dc480000,0x00000000dc480000,0x00000000dcd80000)
 ParOldGen       total 93696K, used 30782K [0x0000000082000000, 0x0000000087b80000, 0x00000000d6000000)
  object space 93696K, 32% used [0x0000000082000000,0x0000000083e0f828,0x0000000087b80000)
 Metaspace       used 27763K, capacity 28908K, committed 29056K, reserved 1075200K
  class space    used 3710K, capacity 3953K, committed 3968K, reserved 1048576K
Event: 6.925 GC heap after
Heap after GC invocations=10 (full 1):
 PSYoungGen      total 112128K, used 8348K [0x00000000d6000000, 0x00000000de800000, 0x0000000100000000)
  eden space 102912K, 0% used [0x00000000d6000000,0x00000000d6000000,0x00000000dc480000)
  from space 9216K, 90% used [0x00000000dc480000,0x00000000dcca72c0,0x00000000dcd80000)
  to   space 10240K, 0% used [0x00000000dde00000,0x00000000dde00000,0x00000000de800000)
 ParOldGen       total 93696K, used 34214K [0x0000000082000000, 0x0000000087b80000, 0x00000000d6000000)
  object space 93696K, 36% used [0x0000000082000000,0x0000000084169858,0x0000000087b80000)
 Metaspace       used 27763K, capacity 28908K, committed 29056K, reserved 1075200K
  class space    used 3710K, capacity 3953K, committed 3968K, reserved 1048576K
}
Event: 8.289 GC heap before
{Heap before GC invocations=11 (full 1):
 PSYoungGen      total 112128K, used 110914K [0x00000000d6000000, 0x00000000de800000, 0x0000000100000000)
  eden space 102912K, 99% used [0x00000000d6000000,0x00000000dc429788,0x00000000dc480000)
  from space 9216K, 90% used [0x00000000dc480000,0x00000000dcca72c0,0x00000000dcd80000)
  to   space 10240K, 0% used [0x00000000dde00000,0x00000000dde00000,0x00000000de800000)
 ParOldGen       total 93696K, used 34214K [0x0000000082000000, 0x0000000087b80000, 0x00000000d6000000)
  object space 93696K, 36% used [0x0000000082000000,0x0000000084169858,0x0000000087b80000)
 Metaspace       used 28032K, capacity 29102K, committed 29312K, reserved 1075200K
  class space    used 3711K, capacity 3954K, committed 3968K, reserved 1048576K
Event: 8.294 GC heap after
Heap after GC invocations=11 (full 1):
 PSYoungGen      total 125952K, used 9047K [0x00000000d6000000, 0x00000000de700000, 0x0000000100000000)
  eden space 116736K, 0% used [0x00000000d6000000,0x00000000d6000000,0x00000000dd200000)
  from space 9216K, 98% used [0x00000000dde00000,0x00000000de6d5d60,0x00000000de700000)
  to   space 10752K, 0% used [0x00000000dd200000,0x00000000dd200000,0x00000000ddc80000)
 ParOldGen       total 93696K, used 34222K [0x0000000082000000, 0x0000000087b80000, 0x00000000d6000000)
  object space 93696K, 36% used [0x0000000082000000,0x000000008416b858,0x0000000087b80000)
 Metaspace       used 28032K, capacity 29102K, committed 29312K, reserved 1075200K
  class space    used 3711K, capacity 3954K, committed 3968K, reserved 1048576K
}

