# JRE version: Java(TM) SE Runtime Environment (8.0_111-b14) (build 1.8.0_111-b14)
# Java VM: Java HotSpot(TM) 64-Bit Server VM (25.111-b14 mixed mode windows-amd64 compressed oops)
Heap:
 PSYoungGen      total 123904K, used 74805K [0x00000000d6000000, 0x00000000df180000, 0x0000000100000000)
  eden space 112640K, 58% used [0x00000000d6000000,0x00000000da0a16e8,0x00000000dce00000)
  from space 11264K, 76% used [0x00000000dce00000,0x00000000dd66bd48,0x00000000dd900000)
  to   space 11264K, 0% used [0x00000000de680000,0x00000000de680000,0x00000000df180000)
 ParOldGen       total 94720K, used 30791K [0x0000000082000000, 0x0000000087c80000, 0x00000000d6000000)
  object space 94720K, 32% used [0x0000000082000000,0x0000000083e11ed0,0x0000000087c80000)
 Metaspace       used 30898K, capacity 31970K, committed 32256K, reserved 1077248K
  class space    used 4065K, capacity 4298K, committed 4352K, reserved 1048576K
GC Heap History (10 events):
Event: 5.042 GC heap before
{Heap before GC invocations=8 (full 1):
 PSYoungGen      total 92160K, used 88939K [0x00000000d6000000, 0x00000000dc500000, 0x0000000100000000)
  eden space 81920K, 100% used [0x00000000d6000000,0x00000000db000000,0x00000000db000000)
  from space 10240K, 68% used [0x00000000dba00000,0x00000000dc0dafa0,0x00000000dc400000)
  to   space 10240K, 0% used [0x00000000db000000,0x00000000db000000,0x00000000dba00000)
 ParOldGen       total 94720K, used 30751K [0x0000000082000000, 0x0000000087c80000, 0x00000000d6000000)
  object space 94720K, 32% used [0x0000000082000000,0x0000000083e07ed0,0x0000000087c80000)
 Metaspace       used 24181K, capacity 25236K, committed 25472K, reserved 1071104K
  class space    used 3359K, capacity 3607K, committed 3712K, reserved 1048576K
Event: 5.046 GC heap after
Heap after GC invocations=8 (full 1):
 PSYoungGen      total 92160K, used 6720K [0x00000000d6000000, 0x00000000dd800000, 0x0000000100000000)
  eden space 81920K, 0% used [0x00000000d6000000,0x00000000d6000000,0x00000000db000000)
  from space 10240K, 65% used [0x00000000db000000,0x00000000db690030,0x00000000dba00000)
  to   space 10240K, 0% used [0x00000000dce00000,0x00000000dce00000,0x00000000dd800000)
 ParOldGen       total 94720K, used 30759K [0x0000000082000000, 0x0000000087c80000, 0x00000000d6000000)
  object space 94720K, 32% used [0x0000000082000000,0x0000000083e09ed0,0x0000000087c80000)
 Metaspace       used 24181K, capacity 25236K, committed 25472K, reserved 1071104K
  class space    used 3359K, capacity 3607K, committed 3712K, reserved 1048576K
}
Event: 6.443 GC heap before
{Heap before GC invocations=9 (full 1):
 PSYoungGen      total 92160K, used 88640K [0x00000000d6000000, 0x00000000dd800000, 0x0000000100000000)
  eden space 81920K, 100% used [0x00000000d6000000,0x00000000db000000,0x00000000db000000)
  from space 10240K, 65% used [0x00000000db000000,0x00000000db690030,0x00000000dba00000)
  to   space 10240K, 0% used [0x00000000dce00000,0x00000000dce00000,0x00000000dd800000)
 ParOldGen       total 94720K, used 30759K [0x0000000082000000, 0x0000000087c80000, 0x00000000d6000000)
  object space 94720K, 32% used [0x0000000082000000,0x0000000083e09ed0,0x0000000087c80000)
 Metaspace       used 27288K, capacity 28340K, committed 28544K, reserved 1073152K
  class space    used 3649K, capacity 3911K, committed 3968K, reserved 1048576K
Event: 6.448 GC heap after
Heap after GC invocations=9 (full 1):
 PSYoungGen      total 107520K, used 6740K [0x00000000d6000000, 0x00000000dd580000, 0x0000000100000000)
  eden space 99840K, 0% used [0x00000000d6000000,0x00000000d6000000,0x00000000dc180000)
  from space 7680K, 87% used [0x00000000dce00000,0x00000000dd495030,0x00000000dd580000)
  to   space 10240K, 0% used [0x00000000dc180000,0x00000000dc180000,0x00000000dcb80000)
 ParOldGen       total 94720K, used 30767K [0x0000000082000000, 0x0000000087c80000, 0x00000000d6000000)
  object space 94720K, 32% used [0x0000000082000000,0x0000000083e0bed0,0x0000000087c80000)
 Metaspace       used 27288K, capacity 28340K, committed 28544K, reserved 1073152K
  class space    used 3649K, capacity 3911K, committed 3968K, reserved 1048576K
}
Event: 6.943 GC heap before
{Heap before GC invocations=10 (full 1):
 PSYoungGen      total 107520K, used 106580K [0x00000000d6000000, 0x00000000dd580000, 0x0000000100000000)
  eden space 99840K, 100% used [0x00000000d6000000,0x00000000dc180000,0x00000000dc180000)
  from space 7680K, 87% used [0x00000000dce00000,0x00000000dd495030,0x00000000dd580000)
  to   space 10240K, 0% used [0x00000000dc180000,0x00000000dc180000,0x00000000dcb80000)
 ParOldGen       total 94720K, used 30767K [0x0000000082000000, 0x0000000087c80000, 0x00000000d6000000)
  object space 94720K, 32% used [0x0000000082000000,0x0000000083e0bed0,0x0000000087c80000)
 Metaspace       used 27705K, capacity 28820K, committed 29056K, reserved 1075200K
  class space    used 3688K, capacity 3943K, committed 3968K, reserved 1048576K
Event: 6.948 GC heap after
Heap after GC invocations=10 (full 1):
 PSYoungGen      total 110080K, used 6991K [0x00000000d6000000, 0x00000000de300000, 0x0000000100000000)
  eden space 99840K, 0% used [0x00000000d6000000,0x00000000d6000000,0x00000000dc180000)
  from space 10240K, 68% used [0x00000000dc180000,0x00000000dc853d30,0x00000000dcb80000)
  to   space 10240K, 0% used [0x00000000dd900000,0x00000000dd900000,0x00000000de300000)
 ParOldGen       total 94720K, used 30775K [0x0000000082000000, 0x0000000087c80000, 0x00000000d6000000)
  object space 94720K, 32% used [0x0000000082000000,0x0000000083e0ded0,0x0000000087c80000)
 Metaspace       used 27705K, capacity 28820K, committed 29056K, reserved 1075200K
  class space    used 3688K, capacity 3943K, committed 3968K, reserved 1048576K
}
Event: 8.229 GC heap before
{Heap before GC invocations=11 (full 1):
 PSYoungGen      total 110080K, used 105917K [0x00000000d6000000, 0x00000000de300000, 0x0000000100000000)
  eden space 99840K, 99% used [0x00000000d6000000,0x00000000dc09b9c8,0x00000000dc180000)
  from space 10240K, 68% used [0x00000000dc180000,0x00000000dc853d30,0x00000000dcb80000)
  to   space 10240K, 0% used [0x00000000dd900000,0x00000000dd900000,0x00000000de300000)
 ParOldGen       total 94720K, used 30775K [0x0000000082000000, 0x0000000087c80000, 0x00000000d6000000)
  object space 94720K, 32% used [0x0000000082000000,0x0000000083e0ded0,0x0000000087c80000)
 Metaspace       used 27994K, capacity 29078K, committed 29312K, reserved 1075200K
  class space    used 3704K, capacity 3944K, committed 3968K, reserved 1048576K
Event: 8.235 GC heap after
Heap after GC invocations=11 (full 1):
 PSYoungGen      total 122880K, used 9407K [0x00000000d6000000, 0x00000000de400000, 0x0000000100000000)
  eden space 112640K, 0% used [0x00000000d6000000,0x00000000d6000000,0x00000000dce00000)
  from space 10240K, 91% used [0x00000000dd900000,0x00000000de22fd60,0x00000000de300000)
  to   space 11264K, 0% used [0x00000000dce00000,0x00000000dce00000,0x00000000dd900000)
 ParOldGen       total 94720K, used 30783K [0x0000000082000000, 0x0000000087c80000, 0x00000000d6000000)
  object space 94720K, 32% used [0x0000000082000000,0x0000000083e0fed0,0x0000000087c80000)
 Metaspace       used 27994K, capacity 29078K, committed 29312K, reserved 1075200K
  class space    used 3704K, capacity 3944K, committed 3968K, reserved 1048576K
}
Event: 10.194 GC heap before
{Heap before GC invocations=12 (full 1):
 PSYoungGen      total 122880K, used 122047K [0x00000000d6000000, 0x00000000de400000, 0x0000000100000000)
  eden space 112640K, 100% used [0x00000000d6000000,0x00000000dce00000,0x00000000dce00000)
  from space 10240K, 91% used [0x00000000dd900000,0x00000000de22fd60,0x00000000de300000)
  to   space 11264K, 0% used [0x00000000dce00000,0x00000000dce00000,0x00000000dd900000)
 ParOldGen       total 94720K, used 30783K [0x0000000082000000, 0x0000000087c80000, 0x00000000d6000000)
  object space 94720K, 32% used [0x0000000082000000,0x0000000083e0fed0,0x0000000087c80000)
 Metaspace       used 29790K, capacity 30878K, committed 31104K, reserved 1077248K
  class space    used 3932K, capacity 4170K, committed 4224K, reserved 1048576K
Event: 10.206 GC heap after
Heap after GC invocations=12 (full 1):
 PSYoungGen      total 123904K, used 8623K [0x00000000d6000000, 0x00000000df180000, 0x0000000100000000)
  eden space 112640K, 0% used [0x00000000d6000000,0x00000000d6000000,0x00000000dce00000)
  from space 11264K, 76% used [0x00000000dce00000,0x00000000dd66bd48,0x00000000dd900000)
  to   space 11264K, 0% used [0x00000000de680000,0x00000000de680000,0x00000000df180000)
 ParOldGen       total 94720K, used 30791K [0x0000000082000000, 0x0000000087c80000, 0x00000000d6000000)
  object space 94720K, 32% used [0x0000000082000000,0x0000000083e11ed0,0x0000000087c80000)
 Metaspace       used 29790K, capacity 30878K, committed 31104K, reserved 1077248K
  class space    used 3932K, capacity 4170K, committed 4224K, reserved 1048576K
}

