# JRE version: Java(TM) SE Runtime Environment (8.0_111-b14) (build 1.8.0_111-b14)
# Java VM: Java HotSpot(TM) 64-Bit Server VM (25.111-b14 mixed mode windows-amd64 compressed oops)
Heap:
 PSYoungGen      total 122880K, used 25930K [0x00000000d6000000, 0x00000000df400000, 0x0000000100000000)
  eden space 111616K, 13% used [0x00000000d6000000,0x00000000d6e54fd8,0x00000000dcd00000)
  from space 11264K, 99% used [0x00000000dcd00000,0x00000000dd7fd9b8,0x00000000dd800000)
  to   space 13824K, 0% used [0x00000000de680000,0x00000000de680000,0x00000000df400000)
 ParOldGen       total 94720K, used 33213K [0x0000000082000000, 0x0000000087c80000, 0x00000000d6000000)
  object space 94720K, 35% used [0x0000000082000000,0x000000008406f4c8,0x0000000087c80000)
 Metaspace       used 30964K, capacity 32038K, committed 32256K, reserved 1077248K
  class space    used 4081K, capacity 4330K, committed 4352K, reserved 1048576K
GC Heap History (10 events):
Event: 4.689 GC heap before
{Heap before GC invocations=8 (full 1):
 PSYoungGen      total 91136K, used 86863K [0x00000000d6000000, 0x00000000dc300000, 0x0000000100000000)
  eden space 81920K, 100% used [0x00000000d6000000,0x00000000db000000,0x00000000db000000)
  from space 9216K, 53% used [0x00000000dba00000,0x00000000dbed3e20,0x00000000dc300000)
  to   space 9728K, 0% used [0x00000000db000000,0x00000000db000000,0x00000000db980000)
 ParOldGen       total 94720K, used 30751K [0x0000000082000000, 0x0000000087c80000, 0x00000000d6000000)
  object space 94720K, 32% used [0x0000000082000000,0x0000000083e07e60,0x0000000087c80000)
 Metaspace       used 24161K, capacity 25236K, committed 25472K, reserved 1071104K
  class space    used 3359K, capacity 3607K, committed 3712K, reserved 1048576K
Event: 4.692 GC heap after
Heap after GC invocations=8 (full 1):
 PSYoungGen      total 91648K, used 4640K [0x00000000d6000000, 0x00000000dd480000, 0x0000000100000000)
  eden space 81920K, 0% used [0x00000000d6000000,0x00000000d6000000,0x00000000db000000)
  from space 9728K, 47% used [0x00000000db000000,0x00000000db488020,0x00000000db980000)
  to   space 9216K, 0% used [0x00000000dcb80000,0x00000000dcb80000,0x00000000dd480000)
 ParOldGen       total 94720K, used 30759K [0x0000000082000000, 0x0000000087c80000, 0x00000000d6000000)
  object space 94720K, 32% used [0x0000000082000000,0x0000000083e09e60,0x0000000087c80000)
 Metaspace       used 24161K, capacity 25236K, committed 25472K, reserved 1071104K
  class space    used 3359K, capacity 3607K, committed 3712K, reserved 1048576K
}
Event: 6.114 GC heap before
{Heap before GC invocations=9 (full 1):
 PSYoungGen      total 91648K, used 86560K [0x00000000d6000000, 0x00000000dd480000, 0x0000000100000000)
  eden space 81920K, 100% used [0x00000000d6000000,0x00000000db000000,0x00000000db000000)
  from space 9728K, 47% used [0x00000000db000000,0x00000000db488020,0x00000000db980000)
  to   space 9216K, 0% used [0x00000000dcb80000,0x00000000dcb80000,0x00000000dd480000)
 ParOldGen       total 94720K, used 30759K [0x0000000082000000, 0x0000000087c80000, 0x00000000d6000000)
  object space 94720K, 32% used [0x0000000082000000,0x0000000083e09e60,0x0000000087c80000)
 Metaspace       used 27170K, capacity 28212K, committed 28544K, reserved 1073152K
  class space    used 3649K, capacity 3911K, committed 3968K, reserved 1048576K
Event: 6.120 GC heap after
Heap after GC invocations=9 (full 1):
 PSYoungGen      total 105984K, used 6703K [0x00000000d6000000, 0x00000000dd280000, 0x0000000100000000)
  eden space 98816K, 0% used [0x00000000d6000000,0x00000000d6000000,0x00000000dc080000)
  from space 7168K, 93% used [0x00000000dcb80000,0x00000000dd20bc50,0x00000000dd280000)
  to   space 9216K, 0% used [0x00000000dc080000,0x00000000dc080000,0x00000000dc980000)
 ParOldGen       total 94720K, used 30767K [0x0000000082000000, 0x0000000087c80000, 0x00000000d6000000)
  object space 94720K, 32% used [0x0000000082000000,0x0000000083e0be60,0x0000000087c80000)
 Metaspace       used 27170K, capacity 28212K, committed 28544K, reserved 1073152K
  class space    used 3649K, capacity 3911K, committed 3968K, reserved 1048576K
}
Event: 6.597 GC heap before
{Heap before GC invocations=10 (full 1):
 PSYoungGen      total 105984K, used 105519K [0x00000000d6000000, 0x00000000dd280000, 0x0000000100000000)
  eden space 98816K, 100% used [0x00000000d6000000,0x00000000dc080000,0x00000000dc080000)
  from space 7168K, 93% used [0x00000000dcb80000,0x00000000dd20bc50,0x00000000dd280000)
  to   space 9216K, 0% used [0x00000000dc080000,0x00000000dc080000,0x00000000dc980000)
 ParOldGen       total 94720K, used 30767K [0x0000000082000000, 0x0000000087c80000, 0x00000000d6000000)
  object space 94720K, 32% used [0x0000000082000000,0x0000000083e0be60,0x0000000087c80000)
 Metaspace       used 27562K, capacity 28692K, committed 28800K, reserved 1075200K
  class space    used 3688K, capacity 3943K, committed 3968K, reserved 1048576K
Event: 6.604 GC heap after
Heap after GC invocations=10 (full 1):
 PSYoungGen      total 108032K, used 9020K [0x00000000d6000000, 0x00000000de280000, 0x0000000100000000)
  eden space 98816K, 0% used [0x00000000d6000000,0x00000000d6000000,0x00000000dc080000)
  from space 9216K, 97% used [0x00000000dc080000,0x00000000dc94f2c0,0x00000000dc980000)
  to   space 10240K, 0% used [0x00000000dd880000,0x00000000dd880000,0x00000000de280000)
 ParOldGen       total 94720K, used 30767K [0x0000000082000000, 0x0000000087c80000, 0x00000000d6000000)
  object space 94720K, 32% used [0x0000000082000000,0x0000000083e0be60,0x0000000087c80000)
 Metaspace       used 27562K, capacity 28692K, committed 28800K, reserved 1075200K
  class space    used 3688K, capacity 3943K, committed 3968K, reserved 1048576K
}
Event: 7.877 GC heap before
{Heap before GC invocations=11 (full 1):
 PSYoungGen      total 108032K, used 107600K [0x00000000d6000000, 0x00000000de280000, 0x0000000100000000)
  eden space 98816K, 99% used [0x00000000d6000000,0x00000000dc044e80,0x00000000dc080000)
  from space 9216K, 97% used [0x00000000dc080000,0x00000000dc94f2c0,0x00000000dc980000)
  to   space 10240K, 0% used [0x00000000dd880000,0x00000000dd880000,0x00000000de280000)
 ParOldGen       total 94720K, used 30767K [0x0000000082000000, 0x0000000087c80000, 0x00000000d6000000)
  object space 94720K, 32% used [0x0000000082000000,0x0000000083e0be60,0x0000000087c80000)
 Metaspace       used 27940K, capacity 29014K, committed 29312K, reserved 1075200K
  class space    used 3704K, capacity 3944K, committed 3968K, reserved 1048576K
Event: 7.882 GC heap after
Heap after GC invocations=11 (full 1):
 PSYoungGen      total 121856K, used 9452K [0x00000000d6000000, 0x00000000de300000, 0x0000000100000000)
  eden space 111616K, 0% used [0x00000000d6000000,0x00000000d6000000,0x00000000dcd00000)
  from space 10240K, 92% used [0x00000000dd880000,0x00000000de1bb2e0,0x00000000de280000)
  to   space 11264K, 0% used [0x00000000dcd00000,0x00000000dcd00000,0x00000000dd800000)
 ParOldGen       total 94720K, used 30775K [0x0000000082000000, 0x0000000087c80000, 0x00000000d6000000)
  object space 94720K, 32% used [0x0000000082000000,0x0000000083e0de60,0x0000000087c80000)
 Metaspace       used 27940K, capacity 29014K, committed 29312K, reserved 1075200K
  class space    used 3704K, capacity 3944K, committed 3968K, reserved 1048576K
}
Event: 10.088 GC heap before
{Heap before GC invocations=12 (full 1):
 PSYoungGen      total 121856K, used 121068K [0x00000000d6000000, 0x00000000de300000, 0x0000000100000000)
  eden space 111616K, 100% used [0x00000000d6000000,0x00000000dcd00000,0x00000000dcd00000)
  from space 10240K, 92% used [0x00000000dd880000,0x00000000de1bb2e0,0x00000000de280000)
  to   space 11264K, 0% used [0x00000000dcd00000,0x00000000dcd00000,0x00000000dd800000)
 ParOldGen       total 94720K, used 30775K [0x0000000082000000, 0x0000000087c80000, 0x00000000d6000000)
  object space 94720K, 32% used [0x0000000082000000,0x0000000083e0de60,0x0000000087c80000)
 Metaspace       used 30350K, capacity 31394K, committed 31744K, reserved 1077248K
  class space    used 4037K, capacity 4266K, committed 4352K, reserved 1048576K
Event: 10.094 GC heap after
Heap after GC invocations=12 (full 1):
 PSYoungGen      total 122880K, used 11254K [0x00000000d6000000, 0x00000000df400000, 0x0000000100000000)
  eden space 111616K, 0% used [0x00000000d6000000,0x00000000d6000000,0x00000000dcd00000)
  from space 11264K, 99% used [0x00000000dcd00000,0x00000000dd7fd9b8,0x00000000dd800000)
  to   space 13824K, 0% used [0x00000000de680000,0x00000000de680000,0x00000000df400000)
 ParOldGen       total 94720K, used 33213K [0x0000000082000000, 0x0000000087c80000, 0x00000000d6000000)
  object space 94720K, 35% used [0x0000000082000000,0x000000008406f4c8,0x0000000087c80000)
 Metaspace       used 30350K, capacity 31394K, committed 31744K, reserved 1077248K
  class space    used 4037K, capacity 4266K, committed 4352K, reserved 1048576K
}

