# JRE version: Java(TM) SE Runtime Environment (8.0_111-b14) (build 1.8.0_111-b14)
# Java VM: Java HotSpot(TM) 64-Bit Server VM (25.111-b14 mixed mode windows-amd64 compressed oops)
Heap:
 PSYoungGen      total 128000K, used 92347K [0x00000000d6000000, 0x00000000dea00000, 0x0000000100000000)
  eden space 118272K, 70% used [0x00000000d6000000,0x00000000db0f6f48,0x00000000dd380000)
  from space 9728K, 97% used [0x00000000de080000,0x00000000de9b7d60,0x00000000dea00000)
  to   space 11264K, 0% used [0x00000000dd400000,0x00000000dd400000,0x00000000ddf00000)
 ParOldGen       total 94720K, used 32828K [0x0000000082000000, 0x0000000087c80000, 0x00000000d6000000)
  object space 94720K, 34% used [0x0000000082000000,0x000000008400f110,0x0000000087c80000)
 Metaspace       used 30987K, capacity 32058K, committed 32256K, reserved 1077248K
  class space    used 4083K, capacity 4330K, committed 4352K, reserved 1048576K
GC Heap History (10 events):
Event: 4.136 GC heap before
{Heap before GC invocations=7 (full 1):
 PSYoungGen      total 70656K, used 70132K [0x00000000d6000000, 0x00000000dc480000, 0x0000000100000000)
  eden space 65536K, 100% used [0x00000000d6000000,0x00000000da000000,0x00000000da000000)
  from space 5120K, 89% used [0x00000000da000000,0x00000000da47d140,0x00000000da500000)
  to   space 10240K, 0% used [0x00000000dba80000,0x00000000dba80000,0x00000000dc480000)
 ParOldGen       total 94720K, used 32796K [0x0000000082000000, 0x0000000087c80000, 0x00000000d6000000)
  object space 94720K, 34% used [0x0000000082000000,0x0000000084007110,0x0000000087c80000)
 Metaspace       used 23899K, capacity 24912K, committed 25088K, reserved 1071104K
  class space    used 3326K, capacity 3543K, committed 3584K, reserved 1048576K
Event: 4.141 GC heap after
Heap after GC invocations=7 (full 1):
 PSYoungGen      total 92672K, used 6987K [0x00000000d6000000, 0x00000000dc580000, 0x0000000100000000)
  eden space 82432K, 0% used [0x00000000d6000000,0x00000000d6000000,0x00000000db080000)
  from space 10240K, 68% used [0x00000000dba80000,0x00000000dc152fa0,0x00000000dc480000)
  to   space 10240K, 0% used [0x00000000db080000,0x00000000db080000,0x00000000dba80000)
 ParOldGen       total 94720K, used 32804K [0x0000000082000000, 0x0000000087c80000, 0x00000000d6000000)
  object space 94720K, 34% used [0x0000000082000000,0x0000000084009110,0x0000000087c80000)
 Metaspace       used 23899K, capacity 24912K, committed 25088K, reserved 1071104K
  class space    used 3326K, capacity 3543K, committed 3584K, reserved 1048576K
}
Event: 4.768 GC heap before
{Heap before GC invocations=8 (full 1):
 PSYoungGen      total 92672K, used 89419K [0x00000000d6000000, 0x00000000dc580000, 0x0000000100000000)
  eden space 82432K, 100% used [0x00000000d6000000,0x00000000db080000,0x00000000db080000)
  from space 10240K, 68% used [0x00000000dba80000,0x00000000dc152fa0,0x00000000dc480000)
  to   space 10240K, 0% used [0x00000000db080000,0x00000000db080000,0x00000000dba80000)
 ParOldGen       total 94720K, used 32804K [0x0000000082000000, 0x0000000087c80000, 0x00000000d6000000)
  object space 94720K, 34% used [0x0000000082000000,0x0000000084009110,0x0000000087c80000)
 Metaspace       used 24193K, capacity 25232K, committed 25472K, reserved 1071104K
  class space    used 3361K, capacity 3607K, committed 3712K, reserved 1048576K
Event: 4.772 GC heap after
Heap after GC invocations=8 (full 1):
 PSYoungGen      total 92672K, used 6706K [0x00000000d6000000, 0x00000000dd900000, 0x0000000100000000)
  eden space 82432K, 0% used [0x00000000d6000000,0x00000000d6000000,0x00000000db080000)
  from space 10240K, 65% used [0x00000000db080000,0x00000000db70cab0,0x00000000dba80000)
  to   space 10240K, 0% used [0x00000000dcf00000,0x00000000dcf00000,0x00000000dd900000)
 ParOldGen       total 94720K, used 32804K [0x0000000082000000, 0x0000000087c80000, 0x00000000d6000000)
  object space 94720K, 34% used [0x0000000082000000,0x0000000084009110,0x0000000087c80000)
 Metaspace       used 24193K, capacity 25232K, committed 25472K, reserved 1071104K
  class space    used 3361K, capacity 3607K, committed 3712K, reserved 1048576K
}
Event: 6.017 GC heap before
{Heap before GC invocations=9 (full 1):
 PSYoungGen      total 92672K, used 89138K [0x00000000d6000000, 0x00000000dd900000, 0x0000000100000000)
  eden space 82432K, 100% used [0x00000000d6000000,0x00000000db080000,0x00000000db080000)
  from space 10240K, 65% used [0x00000000db080000,0x00000000db70cab0,0x00000000dba80000)
  to   space 10240K, 0% used [0x00000000dcf00000,0x00000000dcf00000,0x00000000dd900000)
 ParOldGen       total 94720K, used 32804K [0x0000000082000000, 0x0000000087c80000, 0x00000000d6000000)
  object space 94720K, 34% used [0x0000000082000000,0x0000000084009110,0x0000000087c80000)
 Metaspace       used 27205K, capacity 28336K, committed 28544K, reserved 1073152K
  class space    used 3650K, capacity 3911K, committed 3968K, reserved 1048576K
Event: 6.023 GC heap after
Heap after GC invocations=9 (full 1):
 PSYoungGen      total 110592K, used 6682K [0x00000000d6000000, 0x00000000dd780000, 0x0000000100000000)
  eden space 101888K, 0% used [0x00000000d6000000,0x00000000d6000000,0x00000000dc380000)
  from space 8704K, 76% used [0x00000000dcf00000,0x00000000dd5868a0,0x00000000dd780000)
  to   space 10240K, 0% used [0x00000000dc380000,0x00000000dc380000,0x00000000dcd80000)
 ParOldGen       total 94720K, used 32812K [0x0000000082000000, 0x0000000087c80000, 0x00000000d6000000)
  object space 94720K, 34% used [0x0000000082000000,0x000000008400b110,0x0000000087c80000)
 Metaspace       used 27205K, capacity 28336K, committed 28544K, reserved 1073152K
  class space    used 3650K, capacity 3911K, committed 3968K, reserved 1048576K
}
Event: 6.658 GC heap before
{Heap before GC invocations=10 (full 1):
 PSYoungGen      total 110592K, used 108570K [0x00000000d6000000, 0x00000000dd780000, 0x0000000100000000)
  eden space 101888K, 100% used [0x00000000d6000000,0x00000000dc380000,0x00000000dc380000)
  from space 8704K, 76% used [0x00000000dcf00000,0x00000000dd5868a0,0x00000000dd780000)
  to   space 10240K, 0% used [0x00000000dc380000,0x00000000dc380000,0x00000000dcd80000)
 ParOldGen       total 94720K, used 32812K [0x0000000082000000, 0x0000000087c80000, 0x00000000d6000000)
  object space 94720K, 34% used [0x0000000082000000,0x000000008400b110,0x0000000087c80000)
 Metaspace       used 27712K, capacity 28816K, committed 29056K, reserved 1075200K
  class space    used 3705K, capacity 3943K, committed 3968K, reserved 1048576K
Event: 6.672 GC heap after
Heap after GC invocations=10 (full 1):
 PSYoungGen      total 112128K, used 8172K [0x00000000d6000000, 0x00000000deb00000, 0x0000000100000000)
  eden space 101888K, 0% used [0x00000000d6000000,0x00000000d6000000,0x00000000dc380000)
  from space 10240K, 79% used [0x00000000dc380000,0x00000000dcb7b2c0,0x00000000dcd80000)
  to   space 10752K, 0% used [0x00000000de080000,0x00000000de080000,0x00000000deb00000)
 ParOldGen       total 94720K, used 32820K [0x0000000082000000, 0x0000000087c80000, 0x00000000d6000000)
  object space 94720K, 34% used [0x0000000082000000,0x000000008400d110,0x0000000087c80000)
 Metaspace       used 27712K, capacity 28816K, committed 29056K, reserved 1075200K
  class space    used 3705K, capacity 3943K, committed 3968K, reserved 1048576K
}
Event: 8.007 GC heap before
{Heap before GC invocations=11 (full 1):
 PSYoungGen      total 112128K, used 108920K [0x00000000d6000000, 0x00000000deb00000, 0x0000000100000000)
  eden space 101888K, 98% used [0x00000000d6000000,0x00000000dc262e30,0x00000000dc380000)
  from space 10240K, 79% used [0x00000000dc380000,0x00000000dcb7b2c0,0x00000000dcd80000)
  to   space 10752K, 0% used [0x00000000de080000,0x00000000de080000,0x00000000deb00000)
 ParOldGen       total 94720K, used 32820K [0x0000000082000000, 0x0000000087c80000, 0x00000000d6000000)
  object space 94720K, 34% used [0x0000000082000000,0x000000008400d110,0x0000000087c80000)
 Metaspace       used 28002K, capacity 29074K, committed 29312K, reserved 1075200K
  class space    used 3706K, capacity 3944K, committed 3968K, reserved 1048576K
Event: 8.013 GC heap after
Heap after GC invocations=11 (full 1):
 PSYoungGen      total 128000K, used 9439K [0x00000000d6000000, 0x00000000dea00000, 0x0000000100000000)
  eden space 118272K, 0% used [0x00000000d6000000,0x00000000d6000000,0x00000000dd380000)
  from space 9728K, 97% used [0x00000000de080000,0x00000000de9b7d60,0x00000000dea00000)
  to   space 11264K, 0% used [0x00000000dd400000,0x00000000dd400000,0x00000000ddf00000)
 ParOldGen       total 94720K, used 32828K [0x0000000082000000, 0x0000000087c80000, 0x00000000d6000000)
  object space 94720K, 34% used [0x0000000082000000,0x000000008400f110,0x0000000087c80000)
 Metaspace       used 28002K, capacity 29074K, committed 29312K, reserved 1075200K
  class space    used 3706K, capacity 3944K, committed 3968K, reserved 1048576K
}

